<?xml version="1.0" encoding="UTF-8"?>
<testsuite xmlns:xsi="http://www.w3.org/2001/XMLSchema-instance" xsi:noNamespaceSchemaLocation="https://maven.apache.org/surefire/maven-surefire-plugin/xsd/surefire-test-report-3.0.xsd" version="3.0" name="org.openmrs.api.OrderServiceTest" time="13.535" tests="216" errors="0" skipped="3" failures="0">
  <properties>
    <property name="awt.toolkit" value="sun.awt.X11.XToolkit"/>
    <property name="java.specification.version" value="11"/>
    <property name="sun.cpu.isalist" value=""/>
    <property name="sun.jnu.encoding" value="UTF-8"/>
    <property name="user.region" value="US"/>
    <property name="java.class.path" value="/home/ubuntu/.m2/repository/org/apache/maven/surefire/surefire-api/3.1.0-atlassian-2/surefire-api-3.1.0-atlassian-2.jar:/home/ubuntu/.m2/repository/org/apache/maven/surefire/surefire-logger-api/3.1.0-atlassian-2/surefire-logger-api-3.1.0-atlassian-2.jar:/home/ubuntu/.m2/repository/org/apache/maven/surefire/surefire-shared-utils/3.1.0-atlassian-2/surefire-shared-utils-3.1.0-atlassian-2.jar:/home/ubuntu/.m2/repository/org/apache/maven/surefire/surefire-extensions-spi/3.1.0-atlassian-2/surefire-extensions-spi-3.1.0-atlassian-2.jar:/home/ubuntu/.m2/repository/org/apache/maven/surefire/surefire-booter/3.1.0-atlassian-2/surefire-booter-3.1.0-atlassian-2.jar:/home/ubuntu/liontech-emr/liontech-emr-health-app-2/api/target/test-classes:/home/ubuntu/liontech-emr/liontech-emr-health-app-2/api/target/classes:/home/ubuntu/.m2/repository/org/springframework/spring-test/5.3.23/spring-test-5.3.23.jar:/home/ubuntu/.m2/repository/com/h2database/h2/1.4.200/h2-1.4.200.jar:/home/ubuntu/.m2/repository/junit/junit/4.13.2/junit-4.13.2.jar:/home/ubuntu/.m2/repository/org/junit/jupiter/junit-jupiter-api/5.9.3/junit-jupiter-api-5.9.3.jar:/home/ubuntu/.m2/repository/org/opentest4j/opentest4j/1.2.0/opentest4j-1.2.0.jar:/home/ubuntu/.m2/repository/org/junit/platform/junit-platform-commons/1.9.3/junit-platform-commons-1.9.3.jar:/home/ubuntu/.m2/repository/org/apiguardian/apiguardian-api/1.1.2/apiguardian-api-1.1.2.jar:/home/ubuntu/.m2/repository/org/junit/jupiter/junit-jupiter-engine/5.9.3/junit-jupiter-engine-5.9.3.jar:/home/ubuntu/.m2/repository/org/junit/platform/junit-platform-engine/1.9.3/junit-platform-engine-1.9.3.jar:/home/ubuntu/.m2/repository/org/junit/vintage/junit-vintage-engine/5.9.3/junit-vintage-engine-5.9.3.jar:/home/ubuntu/.m2/repository/org/dbunit/dbunit/2.7.3/dbunit-2.7.3.jar:/home/ubuntu/.m2/repository/org/postgresql/postgresql/42.6.0/postgresql-42.6.0.jar:/home/ubuntu/.m2/repository/com/oracle/database/jdbc/ojdbc8/19.3.0.0/ojdbc8-19.3.0.0.jar:/home/ubuntu/.m2/repository/com/oracle/database/jdbc/ucp/19.3.0.0/ucp-19.3.0.0.jar:/home/ubuntu/.m2/repository/com/oracle/database/security/oraclepki/19.3.0.0/oraclepki-19.3.0.0.jar:/home/ubuntu/.m2/repository/com/oracle/database/security/osdt_cert/19.3.0.0/osdt_cert-19.3.0.0.jar:/home/ubuntu/.m2/repository/com/oracle/database/security/osdt_core/19.3.0.0/osdt_core-19.3.0.0.jar:/home/ubuntu/.m2/repository/com/oracle/database/ha/simplefan/19.3.0.0/simplefan-19.3.0.0.jar:/home/ubuntu/.m2/repository/com/oracle/database/ha/ons/19.3.0.0/ons-19.3.0.0.jar:/home/ubuntu/.m2/repository/org/mockito/mockito-core/3.12.4/mockito-core-3.12.4.jar:/home/ubuntu/.m2/repository/org/mockito/mockito-junit-jupiter/3.12.4/mockito-junit-jupiter-3.12.4.jar:/home/ubuntu/.m2/repository/org/hamcrest/hamcrest-core/2.2/hamcrest-core-2.2.jar:/home/ubuntu/.m2/repository/org/hamcrest/hamcrest/2.2/hamcrest-2.2.jar:/home/ubuntu/.m2/repository/org/powermock/powermock-reflect/2.0.9/powermock-reflect-2.0.9.jar:/home/ubuntu/.m2/repository/org/objenesis/objenesis/3.0.1/objenesis-3.0.1.jar:/home/ubuntu/.m2/repository/net/bytebuddy/byte-buddy/1.10.14/byte-buddy-1.10.14.jar:/home/ubuntu/.m2/repository/net/bytebuddy/byte-buddy-agent/1.10.14/byte-buddy-agent-1.10.14.jar:/home/ubuntu/.m2/repository/commons-collections/commons-collections/3.2.2/commons-collections-3.2.2.jar:/home/ubuntu/.m2/repository/org/apache/commons/commons-collections4/4.4/commons-collections4-4.4-tests.jar:/home/ubuntu/.m2/repository/org/apache/commons/commons-lang3/3.12.0/commons-lang3-3.12.0.jar:/home/ubuntu/.m2/repository/commons-beanutils/commons-beanutils/1.9.4/commons-beanutils-1.9.4.jar:/home/ubuntu/.m2/repository/commons-validator/commons-validator/1.7/commons-validator-1.7.jar:/home/ubuntu/.m2/repository/commons-digester/commons-digester/2.1/commons-digester-2.1.jar:/home/ubuntu/.m2/repository/commons-logging/commons-logging/1.2/commons-logging-1.2.jar:/home/ubuntu/.m2/repository/commons-io/commons-io/2.12.0/commons-io-2.12.0.jar:/home/ubuntu/.m2/repository/org/azeckoski/reflectutils/0.9.20/reflectutils-0.9.20.jar:/home/ubuntu/.m2/repository/org/apache/velocity/velocity/1.7/velocity-1.7.jar:/home/ubuntu/.m2/repository/commons-lang/commons-lang/2.4/commons-lang-2.4.jar:/home/ubuntu/.m2/repository/org/springframework/spring-core/5.3.23/spring-core-5.3.23.jar:/home/ubuntu/.m2/repository/org/springframework/spring-jcl/5.3.23/spring-jcl-5.3.23.jar:/home/ubuntu/.m2/repository/org/springframework/spring-beans/5.3.23/spring-beans-5.3.23.jar:/home/ubuntu/.m2/repository/org/springframework/spring-context/5.3.23/spring-context-5.3.23.jar:/home/ubuntu/.m2/repository/org/springframework/spring-expression/5.3.23/spring-expression-5.3.23.jar:/home/ubuntu/.m2/repository/org/springframework/spring-aop/5.3.23/spring-aop-5.3.23.jar:/home/ubuntu/.m2/repository/org/springframework/spring-orm/5.3.23/spring-orm-5.3.23.jar:/home/ubuntu/.m2/repository/org/springframework/spring-tx/5.3.23/spring-tx-5.3.23.jar:/home/ubuntu/.m2/repository/org/springframework/spring-jdbc/5.3.23/spring-jdbc-5.3.23.jar:/home/ubuntu/.m2/repository/org/springframework/spring-context-support/5.3.23/spring-context-support-5.3.23.jar:/home/ubuntu/.m2/repository/ca/uhn/hapi/hapi-base/2.1/hapi-base-2.1.jar:/home/ubuntu/.m2/repository/ca/uhn/hapi/hapi-structures-v23/2.1/hapi-structures-v23-2.1.jar:/home/ubuntu/.m2/repository/ca/uhn/hapi/hapi-structures-v24/2.1/hapi-structures-v24-2.1.jar:/home/ubuntu/.m2/repository/ca/uhn/hapi/hapi-structures-v25/2.1/hapi-structures-v25-2.1.jar:/home/ubuntu/.m2/repository/ca/uhn/hapi/hapi-structures-v26/2.1/hapi-structures-v26-2.1.jar:/home/ubuntu/.m2/repository/org/javassist/javassist/3.29.2-GA/javassist-3.29.2-GA.jar:/home/ubuntu/.m2/repository/org/hibernate/hibernate-core/5.6.15.Final/hibernate-core-5.6.15.Final.jar:/home/ubuntu/.m2/repository/org/jboss/logging/jboss-logging/3.4.3.Final/jboss-logging-3.4.3.Final.jar:/home/ubuntu/.m2/repository/javax/persistence/javax.persistence-api/2.2/javax.persistence-api-2.2.jar:/home/ubuntu/.m2/repository/antlr/antlr/2.7.7/antlr-2.7.7.jar:/home/ubuntu/.m2/repository/org/jboss/spec/javax/transaction/jboss-transaction-api_1.2_spec/1.1.1.Final/jboss-transaction-api_1.2_spec-1.1.1.Final.jar:/home/ubuntu/.m2/repository/org/jboss/jandex/2.4.2.Final/jandex-2.4.2.Final.jar:/home/ubuntu/.m2/repository/com/fasterxml/classmate/1.5.1/classmate-1.5.1.jar:/home/ubuntu/.m2/repository/javax/activation/javax.activation-api/1.2.0/javax.activation-api-1.2.0.jar:/home/ubuntu/.m2/repository/org/hibernate/common/hibernate-commons-annotations/5.1.2.Final/hibernate-commons-annotations-5.1.2.Final.jar:/home/ubuntu/.m2/repository/javax/xml/bind/jaxb-api/2.3.1/jaxb-api-2.3.1.jar:/home/ubuntu/.m2/repository/org/glassfish/jaxb/jaxb-runtime/2.3.1/jaxb-runtime-2.3.1.jar:/home/ubuntu/.m2/repository/org/glassfish/jaxb/txw2/2.3.1/txw2-2.3.1.jar:/home/ubuntu/.m2/repository/com/sun/istack/istack-commons-runtime/3.0.7/istack-commons-runtime-3.0.7.jar:/home/ubuntu/.m2/repository/org/jvnet/staxex/stax-ex/1.8/stax-ex-1.8.jar:/home/ubuntu/.m2/repository/com/sun/xml/fastinfoset/FastInfoset/1.2.15/FastInfoset-1.2.15.jar:/home/ubuntu/.m2/repository/org/hibernate/hibernate-c3p0/5.6.15.Final/hibernate-c3p0-5.6.15.Final.jar:/home/ubuntu/.m2/repository/com/mchange/c3p0/0.9.5.5/c3p0-0.9.5.5.jar:/home/ubuntu/.m2/repository/com/mchange/mchange-commons-java/0.2.19/mchange-commons-java-0.2.19.jar:/home/ubuntu/.m2/repository/org/hibernate/hibernate-ehcache/5.6.15.Final/hibernate-ehcache-5.6.15.Final.jar:/home/ubuntu/.m2/repository/org/hibernate/hibernate-search-orm/5.11.12.Final/hibernate-search-orm-5.11.12.Final.jar:/home/ubuntu/.m2/repository/org/hibernate/hibernate-search-engine/5.11.12.Final/hibernate-search-engine-5.11.12.Final.jar:/home/ubuntu/.m2/repository/org/apache/lucene/lucene-misc/5.5.5/lucene-misc-5.5.5.jar:/home/ubuntu/.m2/repository/org/apache/lucene/lucene-facet/5.5.5/lucene-facet-5.5.5.jar:/home/ubuntu/.m2/repository/org/apache/lucene/lucene-queryparser/5.5.5/lucene-queryparser-5.5.5.jar:/home/ubuntu/.m2/repository/org/apache/lucene/lucene-core/5.5.5/lucene-core-5.5.5.jar:/home/ubuntu/.m2/repository/org/apache/lucene/lucene-sandbox/5.5.5/lucene-sandbox-5.5.5.jar:/home/ubuntu/.m2/repository/org/apache/lucene/lucene-queries/5.5.5/lucene-queries-5.5.5.jar:/home/ubuntu/.m2/repository/org/apache/lucene/lucene-backward-codecs/5.5.5/lucene-backward-codecs-5.5.5.jar:/home/ubuntu/.m2/repository/org/apache/logging/log4j/log4j-core/2.20.0/log4j-core-2.20.0.jar:/home/ubuntu/.m2/repository/org/apache/logging/log4j/log4j-api/2.20.0/log4j-api-2.20.0.jar:/home/ubuntu/.m2/repository/org/apache/logging/log4j/log4j-slf4j-impl/2.20.0/log4j-slf4j-impl-2.20.0.jar:/home/ubuntu/.m2/repository/org/apache/logging/log4j/log4j-1.2-api/2.20.0/log4j-1.2-api-2.20.0.jar:/home/ubuntu/.m2/repository/org/slf4j/slf4j-api/1.7.36/slf4j-api-1.7.36.jar:/home/ubuntu/.m2/repository/com/thoughtworks/xstream/xstream/1.4.17/xstream-1.4.17.jar:/home/ubuntu/.m2/repository/io/github/x-stream/mxparser/1.2.1/mxparser-1.2.1.jar:/home/ubuntu/.m2/repository/xmlpull/xmlpull/1.1.3.1/xmlpull-1.1.3.1.jar:/home/ubuntu/.m2/repository/javax/mail/javax.mail-api/1.6.2/javax.mail-api-1.6.2.jar:/home/ubuntu/.m2/repository/org/liquibase/liquibase-core/4.4.3/liquibase-core-4.4.3.jar:/home/ubuntu/.m2/repository/org/reflections/reflections/0.10.2/reflections-0.10.2.jar:/home/ubuntu/.m2/repository/com/google/code/findbugs/jsr305/3.0.2/jsr305-3.0.2.jar:/home/ubuntu/.m2/repository/xerces/xercesImpl/2.12.2/xercesImpl-2.12.2.jar:/home/ubuntu/.m2/repository/xml-apis/xml-apis/1.4.01/xml-apis-1.4.01.jar:/home/ubuntu/.m2/repository/javax/validation/validation-api/2.0.1.Final/validation-api-2.0.1.Final.jar:/home/ubuntu/.m2/repository/org/hibernate/hibernate-validator/5.4.3.Final/hibernate-validator-5.4.3.Final.jar:/home/ubuntu/.m2/repository/mysql/mysql-connector-java/8.0.30/mysql-connector-java-8.0.30.jar:/home/ubuntu/.m2/repository/com/google/protobuf/protobuf-java/3.19.4/protobuf-java-3.19.4.jar:/home/ubuntu/.m2/repository/org/codehaus/jackson/jackson-core-asl/1.9.14-MULE-002/jackson-core-asl-1.9.14-MULE-002.jar:/home/ubuntu/.m2/repository/org/codehaus/jackson/jackson-mapper-asl/1.9.14-MULE-002/jackson-mapper-asl-1.9.14-MULE-002.jar:/home/ubuntu/.m2/repository/com/fasterxml/jackson/core/jackson-core/2.15.2/jackson-core-2.15.2.jar:/home/ubuntu/.m2/repository/com/fasterxml/jackson/core/jackson-annotations/2.15.2/jackson-annotations-2.15.2.jar:/home/ubuntu/.m2/repository/com/fasterxml/jackson/core/jackson-databind/2.15.2/jackson-databind-2.15.2.jar:/home/ubuntu/.m2/repository/com/fasterxml/jackson/datatype/jackson-datatype-jsr310/2.15.2/jackson-datatype-jsr310-2.15.2.jar:/home/ubuntu/.m2/repository/org/codehaus/groovy/groovy-all/2.4.21/groovy-all-2.4.21.jar:/home/ubuntu/.m2/repository/net/sf/ehcache/ehcache/2.10.10.4.43/ehcache-2.10.10.4.43.jar:/home/ubuntu/.m2/repository/org/aspectj/aspectjrt/1.9.19/aspectjrt-1.9.19.jar:/home/ubuntu/.m2/repository/org/aspectj/aspectjweaver/1.9.19/aspectjweaver-1.9.19.jar:/home/ubuntu/.m2/repository/joda-time/joda-time/2.12.5/joda-time-2.12.5.jar:/home/ubuntu/.m2/repository/javax/annotation/javax.annotation-api/1.3.2/javax.annotation-api-1.3.2.jar:/home/ubuntu/.m2/repository/com/sun/activation/javax.activation/1.2.0/javax.activation-1.2.0.jar:/home/ubuntu/.m2/repository/jakarta/xml/bind/jakarta.xml.bind-api/4.0.0/jakarta.xml.bind-api-4.0.0.jar:/home/ubuntu/.m2/repository/jakarta/activation/jakarta.activation-api/2.1.0/jakarta.activation-api-2.1.0.jar:/home/ubuntu/.m2/repository/org/apache/lucene/lucene-analyzers-phonetic/5.5.5/lucene-analyzers-phonetic-5.5.5.jar:/home/ubuntu/.m2/repository/org/apache/lucene/lucene-analyzers-common/5.5.5/lucene-analyzers-common-5.5.5.jar:/home/ubuntu/.m2/repository/commons-codec/commons-codec/1.10/commons-codec-1.10.jar:/home/ubuntu/.m2/repository/com/google/guava/guava/32.0.0-jre/guava-32.0.0-jre.jar:/home/ubuntu/.m2/repository/com/google/guava/failureaccess/1.0.1/failureaccess-1.0.1.jar:/home/ubuntu/.m2/repository/com/google/guava/listenablefuture/9999.0-empty-to-avoid-conflict-with-guava/listenablefuture-9999.0-empty-to-avoid-conflict-with-guava.jar:/home/ubuntu/.m2/repository/org/checkerframework/checker-qual/3.33.0/checker-qual-3.33.0.jar:/home/ubuntu/.m2/repository/com/google/errorprone/error_prone_annotations/2.18.0/error_prone_annotations-2.18.0.jar:/home/ubuntu/.m2/repository/com/google/j2objc/j2objc-annotations/2.8/j2objc-annotations-2.8.jar:/home/ubuntu/.m2/repository/com/sun/mail/javax.mail/1.6.2/javax.mail-1.6.2.jar:/home/ubuntu/.m2/repository/org/testcontainers/postgresql/1.18.3/postgresql-1.18.3.jar:/home/ubuntu/.m2/repository/org/testcontainers/jdbc/1.18.3/jdbc-1.18.3.jar:/home/ubuntu/.m2/repository/org/testcontainers/database-commons/1.18.3/database-commons-1.18.3.jar:/home/ubuntu/.m2/repository/org/testcontainers/testcontainers/1.18.3/testcontainers-1.18.3.jar:/home/ubuntu/.m2/repository/org/apache/commons/commons-compress/1.23.0/commons-compress-1.23.0.jar:/home/ubuntu/.m2/repository/org/rnorth/duct-tape/duct-tape/1.0.8/duct-tape-1.0.8.jar:/home/ubuntu/.m2/repository/org/jetbrains/annotations/17.0.0/annotations-17.0.0.jar:/home/ubuntu/.m2/repository/com/github/docker-java/docker-java-api/3.3.0/docker-java-api-3.3.0.jar:/home/ubuntu/.m2/repository/com/github/docker-java/docker-java-transport-zerodep/3.3.0/docker-java-transport-zerodep-3.3.0.jar:/home/ubuntu/.m2/repository/com/github/docker-java/docker-java-transport/3.3.0/docker-java-transport-3.3.0.jar:/home/ubuntu/.m2/repository/net/java/dev/jna/jna/5.12.1/jna-5.12.1.jar:/home/ubuntu/.m2/repository/org/testcontainers/mysql/1.18.3/mysql-1.18.3.jar:/home/ubuntu/.m2/repository/org/apache/maven/surefire/surefire-junit-platform/3.1.0-atlassian-2/surefire-junit-platform-3.1.0-atlassian-2.jar:/home/ubuntu/.m2/repository/org/apache/maven/surefire/common-java5/3.1.0-atlassian-2/common-java5-3.1.0-atlassian-2.jar:/home/ubuntu/.m2/repository/org/junit/platform/junit-platform-launcher/1.9.3/junit-platform-launcher-1.9.3.jar"/>
    <property name="java.vm.vendor" value="Ubuntu"/>
    <property name="sun.arch.data.model" value="64"/>
    <property name="sun.font.fontmanager" value="sun.awt.X11FontManager"/>
    <property name="java.vendor.url" value="https://ubuntu.com/"/>
    <property name="user.timezone" value="Etc/UTC"/>
    <property name="java.locale.providers" value="COMPAT"/>
    <property name="java.vm.specification.version" value="11"/>
    <property name="os.name" value="Linux"/>
    <property name="sun.java.launcher" value="SUN_STANDARD"/>
    <property name="sun.boot.library.path" value="/usr/lib/jvm/java-11-openjdk-amd64/lib"/>
    <property name="sun.java.command" value="org.apache.maven.surefire.booter.ForkedBooter /home/ubuntu/liontech-emr/liontech-emr-health-app-2/api/target/surefire 2023-06-21T15-44-42_998-jvmRun1 surefire-20230621154509263_1tmp surefire_0-20230621154509263_2tmp"/>
    <property name="jdk.debug" value="release"/>
    <property name="surefire.test.class.path" value="/home/ubuntu/liontech-emr/liontech-emr-health-app-2/api/target/test-classes:/home/ubuntu/liontech-emr/liontech-emr-health-app-2/api/target/classes:/home/ubuntu/.m2/repository/org/springframework/spring-test/5.3.23/spring-test-5.3.23.jar:/home/ubuntu/.m2/repository/com/h2database/h2/1.4.200/h2-1.4.200.jar:/home/ubuntu/.m2/repository/junit/junit/4.13.2/junit-4.13.2.jar:/home/ubuntu/.m2/repository/org/junit/jupiter/junit-jupiter-api/5.9.3/junit-jupiter-api-5.9.3.jar:/home/ubuntu/.m2/repository/org/opentest4j/opentest4j/1.2.0/opentest4j-1.2.0.jar:/home/ubuntu/.m2/repository/org/junit/platform/junit-platform-commons/1.9.3/junit-platform-commons-1.9.3.jar:/home/ubuntu/.m2/repository/org/apiguardian/apiguardian-api/1.1.2/apiguardian-api-1.1.2.jar:/home/ubuntu/.m2/repository/org/junit/jupiter/junit-jupiter-engine/5.9.3/junit-jupiter-engine-5.9.3.jar:/home/ubuntu/.m2/repository/org/junit/platform/junit-platform-engine/1.9.3/junit-platform-engine-1.9.3.jar:/home/ubuntu/.m2/repository/org/junit/vintage/junit-vintage-engine/5.9.3/junit-vintage-engine-5.9.3.jar:/home/ubuntu/.m2/repository/org/dbunit/dbunit/2.7.3/dbunit-2.7.3.jar:/home/ubuntu/.m2/repository/org/postgresql/postgresql/42.6.0/postgresql-42.6.0.jar:/home/ubuntu/.m2/repository/com/oracle/database/jdbc/ojdbc8/19.3.0.0/ojdbc8-19.3.0.0.jar:/home/ubuntu/.m2/repository/com/oracle/database/jdbc/ucp/19.3.0.0/ucp-19.3.0.0.jar:/home/ubuntu/.m2/repository/com/oracle/database/security/oraclepki/19.3.0.0/oraclepki-19.3.0.0.jar:/home/ubuntu/.m2/repository/com/oracle/database/security/osdt_cert/19.3.0.0/osdt_cert-19.3.0.0.jar:/home/ubuntu/.m2/repository/com/oracle/database/security/osdt_core/19.3.0.0/osdt_core-19.3.0.0.jar:/home/ubuntu/.m2/repository/com/oracle/database/ha/simplefan/19.3.0.0/simplefan-19.3.0.0.jar:/home/ubuntu/.m2/repository/com/oracle/database/ha/ons/19.3.0.0/ons-19.3.0.0.jar:/home/ubuntu/.m2/repository/org/mockito/mockito-core/3.12.4/mockito-core-3.12.4.jar:/home/ubuntu/.m2/repository/org/mockito/mockito-junit-jupiter/3.12.4/mockito-junit-jupiter-3.12.4.jar:/home/ubuntu/.m2/repository/org/hamcrest/hamcrest-core/2.2/hamcrest-core-2.2.jar:/home/ubuntu/.m2/repository/org/hamcrest/hamcrest/2.2/hamcrest-2.2.jar:/home/ubuntu/.m2/repository/org/powermock/powermock-reflect/2.0.9/powermock-reflect-2.0.9.jar:/home/ubuntu/.m2/repository/org/objenesis/objenesis/3.0.1/objenesis-3.0.1.jar:/home/ubuntu/.m2/repository/net/bytebuddy/byte-buddy/1.10.14/byte-buddy-1.10.14.jar:/home/ubuntu/.m2/repository/net/bytebuddy/byte-buddy-agent/1.10.14/byte-buddy-agent-1.10.14.jar:/home/ubuntu/.m2/repository/commons-collections/commons-collections/3.2.2/commons-collections-3.2.2.jar:/home/ubuntu/.m2/repository/org/apache/commons/commons-collections4/4.4/commons-collections4-4.4-tests.jar:/home/ubuntu/.m2/repository/org/apache/commons/commons-lang3/3.12.0/commons-lang3-3.12.0.jar:/home/ubuntu/.m2/repository/commons-beanutils/commons-beanutils/1.9.4/commons-beanutils-1.9.4.jar:/home/ubuntu/.m2/repository/commons-validator/commons-validator/1.7/commons-validator-1.7.jar:/home/ubuntu/.m2/repository/commons-digester/commons-digester/2.1/commons-digester-2.1.jar:/home/ubuntu/.m2/repository/commons-logging/commons-logging/1.2/commons-logging-1.2.jar:/home/ubuntu/.m2/repository/commons-io/commons-io/2.12.0/commons-io-2.12.0.jar:/home/ubuntu/.m2/repository/org/azeckoski/reflectutils/0.9.20/reflectutils-0.9.20.jar:/home/ubuntu/.m2/repository/org/apache/velocity/velocity/1.7/velocity-1.7.jar:/home/ubuntu/.m2/repository/commons-lang/commons-lang/2.4/commons-lang-2.4.jar:/home/ubuntu/.m2/repository/org/springframework/spring-core/5.3.23/spring-core-5.3.23.jar:/home/ubuntu/.m2/repository/org/springframework/spring-jcl/5.3.23/spring-jcl-5.3.23.jar:/home/ubuntu/.m2/repository/org/springframework/spring-beans/5.3.23/spring-beans-5.3.23.jar:/home/ubuntu/.m2/repository/org/springframework/spring-context/5.3.23/spring-context-5.3.23.jar:/home/ubuntu/.m2/repository/org/springframework/spring-expression/5.3.23/spring-expression-5.3.23.jar:/home/ubuntu/.m2/repository/org/springframework/spring-aop/5.3.23/spring-aop-5.3.23.jar:/home/ubuntu/.m2/repository/org/springframework/spring-orm/5.3.23/spring-orm-5.3.23.jar:/home/ubuntu/.m2/repository/org/springframework/spring-tx/5.3.23/spring-tx-5.3.23.jar:/home/ubuntu/.m2/repository/org/springframework/spring-jdbc/5.3.23/spring-jdbc-5.3.23.jar:/home/ubuntu/.m2/repository/org/springframework/spring-context-support/5.3.23/spring-context-support-5.3.23.jar:/home/ubuntu/.m2/repository/ca/uhn/hapi/hapi-base/2.1/hapi-base-2.1.jar:/home/ubuntu/.m2/repository/ca/uhn/hapi/hapi-structures-v23/2.1/hapi-structures-v23-2.1.jar:/home/ubuntu/.m2/repository/ca/uhn/hapi/hapi-structures-v24/2.1/hapi-structures-v24-2.1.jar:/home/ubuntu/.m2/repository/ca/uhn/hapi/hapi-structures-v25/2.1/hapi-structures-v25-2.1.jar:/home/ubuntu/.m2/repository/ca/uhn/hapi/hapi-structures-v26/2.1/hapi-structures-v26-2.1.jar:/home/ubuntu/.m2/repository/org/javassist/javassist/3.29.2-GA/javassist-3.29.2-GA.jar:/home/ubuntu/.m2/repository/org/hibernate/hibernate-core/5.6.15.Final/hibernate-core-5.6.15.Final.jar:/home/ubuntu/.m2/repository/org/jboss/logging/jboss-logging/3.4.3.Final/jboss-logging-3.4.3.Final.jar:/home/ubuntu/.m2/repository/javax/persistence/javax.persistence-api/2.2/javax.persistence-api-2.2.jar:/home/ubuntu/.m2/repository/antlr/antlr/2.7.7/antlr-2.7.7.jar:/home/ubuntu/.m2/repository/org/jboss/spec/javax/transaction/jboss-transaction-api_1.2_spec/1.1.1.Final/jboss-transaction-api_1.2_spec-1.1.1.Final.jar:/home/ubuntu/.m2/repository/org/jboss/jandex/2.4.2.Final/jandex-2.4.2.Final.jar:/home/ubuntu/.m2/repository/com/fasterxml/classmate/1.5.1/classmate-1.5.1.jar:/home/ubuntu/.m2/repository/javax/activation/javax.activation-api/1.2.0/javax.activation-api-1.2.0.jar:/home/ubuntu/.m2/repository/org/hibernate/common/hibernate-commons-annotations/5.1.2.Final/hibernate-commons-annotations-5.1.2.Final.jar:/home/ubuntu/.m2/repository/javax/xml/bind/jaxb-api/2.3.1/jaxb-api-2.3.1.jar:/home/ubuntu/.m2/repository/org/glassfish/jaxb/jaxb-runtime/2.3.1/jaxb-runtime-2.3.1.jar:/home/ubuntu/.m2/repository/org/glassfish/jaxb/txw2/2.3.1/txw2-2.3.1.jar:/home/ubuntu/.m2/repository/com/sun/istack/istack-commons-runtime/3.0.7/istack-commons-runtime-3.0.7.jar:/home/ubuntu/.m2/repository/org/jvnet/staxex/stax-ex/1.8/stax-ex-1.8.jar:/home/ubuntu/.m2/repository/com/sun/xml/fastinfoset/FastInfoset/1.2.15/FastInfoset-1.2.15.jar:/home/ubuntu/.m2/repository/org/hibernate/hibernate-c3p0/5.6.15.Final/hibernate-c3p0-5.6.15.Final.jar:/home/ubuntu/.m2/repository/com/mchange/c3p0/0.9.5.5/c3p0-0.9.5.5.jar:/home/ubuntu/.m2/repository/com/mchange/mchange-commons-java/0.2.19/mchange-commons-java-0.2.19.jar:/home/ubuntu/.m2/repository/org/hibernate/hibernate-ehcache/5.6.15.Final/hibernate-ehcache-5.6.15.Final.jar:/home/ubuntu/.m2/repository/org/hibernate/hibernate-search-orm/5.11.12.Final/hibernate-search-orm-5.11.12.Final.jar:/home/ubuntu/.m2/repository/org/hibernate/hibernate-search-engine/5.11.12.Final/hibernate-search-engine-5.11.12.Final.jar:/home/ubuntu/.m2/repository/org/apache/lucene/lucene-misc/5.5.5/lucene-misc-5.5.5.jar:/home/ubuntu/.m2/repository/org/apache/lucene/lucene-facet/5.5.5/lucene-facet-5.5.5.jar:/home/ubuntu/.m2/repository/org/apache/lucene/lucene-queryparser/5.5.5/lucene-queryparser-5.5.5.jar:/home/ubuntu/.m2/repository/org/apache/lucene/lucene-core/5.5.5/lucene-core-5.5.5.jar:/home/ubuntu/.m2/repository/org/apache/lucene/lucene-sandbox/5.5.5/lucene-sandbox-5.5.5.jar:/home/ubuntu/.m2/repository/org/apache/lucene/lucene-queries/5.5.5/lucene-queries-5.5.5.jar:/home/ubuntu/.m2/repository/org/apache/lucene/lucene-backward-codecs/5.5.5/lucene-backward-codecs-5.5.5.jar:/home/ubuntu/.m2/repository/org/apache/logging/log4j/log4j-core/2.20.0/log4j-core-2.20.0.jar:/home/ubuntu/.m2/repository/org/apache/logging/log4j/log4j-api/2.20.0/log4j-api-2.20.0.jar:/home/ubuntu/.m2/repository/org/apache/logging/log4j/log4j-slf4j-impl/2.20.0/log4j-slf4j-impl-2.20.0.jar:/home/ubuntu/.m2/repository/org/apache/logging/log4j/log4j-1.2-api/2.20.0/log4j-1.2-api-2.20.0.jar:/home/ubuntu/.m2/repository/org/slf4j/slf4j-api/1.7.36/slf4j-api-1.7.36.jar:/home/ubuntu/.m2/repository/com/thoughtworks/xstream/xstream/1.4.17/xstream-1.4.17.jar:/home/ubuntu/.m2/repository/io/github/x-stream/mxparser/1.2.1/mxparser-1.2.1.jar:/home/ubuntu/.m2/repository/xmlpull/xmlpull/1.1.3.1/xmlpull-1.1.3.1.jar:/home/ubuntu/.m2/repository/javax/mail/javax.mail-api/1.6.2/javax.mail-api-1.6.2.jar:/home/ubuntu/.m2/repository/org/liquibase/liquibase-core/4.4.3/liquibase-core-4.4.3.jar:/home/ubuntu/.m2/repository/org/reflections/reflections/0.10.2/reflections-0.10.2.jar:/home/ubuntu/.m2/repository/com/google/code/findbugs/jsr305/3.0.2/jsr305-3.0.2.jar:/home/ubuntu/.m2/repository/xerces/xercesImpl/2.12.2/xercesImpl-2.12.2.jar:/home/ubuntu/.m2/repository/xml-apis/xml-apis/1.4.01/xml-apis-1.4.01.jar:/home/ubuntu/.m2/repository/javax/validation/validation-api/2.0.1.Final/validation-api-2.0.1.Final.jar:/home/ubuntu/.m2/repository/org/hibernate/hibernate-validator/5.4.3.Final/hibernate-validator-5.4.3.Final.jar:/home/ubuntu/.m2/repository/mysql/mysql-connector-java/8.0.30/mysql-connector-java-8.0.30.jar:/home/ubuntu/.m2/repository/com/google/protobuf/protobuf-java/3.19.4/protobuf-java-3.19.4.jar:/home/ubuntu/.m2/repository/org/codehaus/jackson/jackson-core-asl/1.9.14-MULE-002/jackson-core-asl-1.9.14-MULE-002.jar:/home/ubuntu/.m2/repository/org/codehaus/jackson/jackson-mapper-asl/1.9.14-MULE-002/jackson-mapper-asl-1.9.14-MULE-002.jar:/home/ubuntu/.m2/repository/com/fasterxml/jackson/core/jackson-core/2.15.2/jackson-core-2.15.2.jar:/home/ubuntu/.m2/repository/com/fasterxml/jackson/core/jackson-annotations/2.15.2/jackson-annotations-2.15.2.jar:/home/ubuntu/.m2/repository/com/fasterxml/jackson/core/jackson-databind/2.15.2/jackson-databind-2.15.2.jar:/home/ubuntu/.m2/repository/com/fasterxml/jackson/datatype/jackson-datatype-jsr310/2.15.2/jackson-datatype-jsr310-2.15.2.jar:/home/ubuntu/.m2/repository/org/codehaus/groovy/groovy-all/2.4.21/groovy-all-2.4.21.jar:/home/ubuntu/.m2/repository/net/sf/ehcache/ehcache/2.10.10.4.43/ehcache-2.10.10.4.43.jar:/home/ubuntu/.m2/repository/org/aspectj/aspectjrt/1.9.19/aspectjrt-1.9.19.jar:/home/ubuntu/.m2/repository/org/aspectj/aspectjweaver/1.9.19/aspectjweaver-1.9.19.jar:/home/ubuntu/.m2/repository/joda-time/joda-time/2.12.5/joda-time-2.12.5.jar:/home/ubuntu/.m2/repository/javax/annotation/javax.annotation-api/1.3.2/javax.annotation-api-1.3.2.jar:/home/ubuntu/.m2/repository/com/sun/activation/javax.activation/1.2.0/javax.activation-1.2.0.jar:/home/ubuntu/.m2/repository/jakarta/xml/bind/jakarta.xml.bind-api/4.0.0/jakarta.xml.bind-api-4.0.0.jar:/home/ubuntu/.m2/repository/jakarta/activation/jakarta.activation-api/2.1.0/jakarta.activation-api-2.1.0.jar:/home/ubuntu/.m2/repository/org/apache/lucene/lucene-analyzers-phonetic/5.5.5/lucene-analyzers-phonetic-5.5.5.jar:/home/ubuntu/.m2/repository/org/apache/lucene/lucene-analyzers-common/5.5.5/lucene-analyzers-common-5.5.5.jar:/home/ubuntu/.m2/repository/commons-codec/commons-codec/1.10/commons-codec-1.10.jar:/home/ubuntu/.m2/repository/com/google/guava/guava/32.0.0-jre/guava-32.0.0-jre.jar:/home/ubuntu/.m2/repository/com/google/guava/failureaccess/1.0.1/failureaccess-1.0.1.jar:/home/ubuntu/.m2/repository/com/google/guava/listenablefuture/9999.0-empty-to-avoid-conflict-with-guava/listenablefuture-9999.0-empty-to-avoid-conflict-with-guava.jar:/home/ubuntu/.m2/repository/org/checkerframework/checker-qual/3.33.0/checker-qual-3.33.0.jar:/home/ubuntu/.m2/repository/com/google/errorprone/error_prone_annotations/2.18.0/error_prone_annotations-2.18.0.jar:/home/ubuntu/.m2/repository/com/google/j2objc/j2objc-annotations/2.8/j2objc-annotations-2.8.jar:/home/ubuntu/.m2/repository/com/sun/mail/javax.mail/1.6.2/javax.mail-1.6.2.jar:/home/ubuntu/.m2/repository/org/testcontainers/postgresql/1.18.3/postgresql-1.18.3.jar:/home/ubuntu/.m2/repository/org/testcontainers/jdbc/1.18.3/jdbc-1.18.3.jar:/home/ubuntu/.m2/repository/org/testcontainers/database-commons/1.18.3/database-commons-1.18.3.jar:/home/ubuntu/.m2/repository/org/testcontainers/testcontainers/1.18.3/testcontainers-1.18.3.jar:/home/ubuntu/.m2/repository/org/apache/commons/commons-compress/1.23.0/commons-compress-1.23.0.jar:/home/ubuntu/.m2/repository/org/rnorth/duct-tape/duct-tape/1.0.8/duct-tape-1.0.8.jar:/home/ubuntu/.m2/repository/org/jetbrains/annotations/17.0.0/annotations-17.0.0.jar:/home/ubuntu/.m2/repository/com/github/docker-java/docker-java-api/3.3.0/docker-java-api-3.3.0.jar:/home/ubuntu/.m2/repository/com/github/docker-java/docker-java-transport-zerodep/3.3.0/docker-java-transport-zerodep-3.3.0.jar:/home/ubuntu/.m2/repository/com/github/docker-java/docker-java-transport/3.3.0/docker-java-transport-3.3.0.jar:/home/ubuntu/.m2/repository/net/java/dev/jna/jna/5.12.1/jna-5.12.1.jar:/home/ubuntu/.m2/repository/org/testcontainers/mysql/1.18.3/mysql-1.18.3.jar:"/>
    <property name="sun.cpu.endian" value="little"/>
    <property name="user.home" value="/home/ubuntu"/>
    <property name="user.language" value="en"/>
    <property name="java.specification.vendor" value="Oracle Corporation"/>
    <property name="java.version.date" value="2023-04-18"/>
    <property name="java.home" value="/usr/lib/jvm/java-11-openjdk-amd64"/>
    <property name="file.separator" value="/"/>
    <property name="basedir" value="/home/ubuntu/liontech-emr/liontech-emr-health-app-2/api"/>
    <property name="java.vm.compressedOopsMode" value="32-bit"/>
    <property name="line.separator" value="&#10;"/>
    <property name="java.specification.name" value="Java Platform API Specification"/>
    <property name="java.vm.specification.vendor" value="Oracle Corporation"/>
    <property name="java.awt.graphicsenv" value="sun.awt.X11GraphicsEnvironment"/>
    <property name="sun.management.compiler" value="HotSpot 64-Bit Tiered Compilers"/>
    <property name="java.runtime.version" value="11.0.19+7-post-Ubuntu-0ubuntu122.04.1"/>
    <property name="user.name" value="ubuntu"/>
    <property name="path.separator" value=":"/>
    <property name="os.version" value="5.19.0-1026-aws"/>
    <property name="java.runtime.name" value="OpenJDK Runtime Environment"/>
    <property name="file.encoding" value="UTF-8"/>
    <property name="OPENMRS_APPLICATION_DATA_DIRECTORY" value="/tmp/appdir-for-unit-tests-10906753568747759920"/>
    <property name="java.vm.name" value="OpenJDK 64-Bit Server VM"/>
    <property name="localRepository" value="/home/ubuntu/.m2/repository"/>
    <property name="java.vendor.url.bug" value="https://bugs.launchpad.net/ubuntu/+source/openjdk-lts"/>
    <property name="java.io.tmpdir" value="/tmp"/>
    <property name="java.version" value="11.0.19"/>
    <property name="user.dir" value="/home/ubuntu/liontech-emr/liontech-emr-health-app-2/api"/>
    <property name="os.arch" value="amd64"/>
    <property name="java.vm.specification.name" value="Java Virtual Machine Specification"/>
    <property name="java.awt.printerjob" value="sun.print.PSPrinterJob"/>
    <property name="sun.os.patch.level" value="unknown"/>
    <property name="java.library.path" value="/usr/java/packages/lib:/usr/lib/x86_64-linux-gnu/jni:/lib/x86_64-linux-gnu:/usr/lib/x86_64-linux-gnu:/usr/lib/jni:/lib:/usr/lib"/>
    <property name="java.vm.info" value="mixed mode, sharing"/>
    <property name="java.vendor" value="Ubuntu"/>
    <property name="java.vm.version" value="11.0.19+7-post-Ubuntu-0ubuntu122.04.1"/>
    <property name="sun.io.unicode.encoding" value="UnicodeLittle"/>
    <property name="java.class.version" value="55.0"/>
    <property name="log4j2.disable.jmx" value="true"/>
  </properties>
  <testcase name="getOrderGroupAttributeByUuid_shouldReturnNullIfNonExistingUuidIsProvided" classname="org.openmrs.api.OrderServiceTest" time="0.056"/>
  <testcase name="saveOrder_shouldPassForADiscontinuationOrderWithNoPreviousOrder" classname="org.openmrs.api.OrderServiceTest" time="0.091"/>
  <testcase name="saveOrder_shouldDefaultToCareSettingAndOrderTypeDefinedInTheOrderContextIfNull" classname="org.openmrs.api.OrderServiceTest" time="0.076"/>
  <testcase name="getOrders_shouldGetAllUnvoidedMatchesIfIncludeVoidedIsSetToFalse" classname="org.openmrs.api.OrderServiceTest" time="0.053"/>
  <testcase name="saveOrderFrequency_shouldAddANewOrderFrequencyToTheDatabase" classname="org.openmrs.api.OrderServiceTest" time="0.057"/>
  <testcase name="saveOrder_shouldNotAllowRevisingAVoidedOrder" classname="org.openmrs.api.OrderServiceTest" time="0.061"/>
  <testcase name="saveOrder_shouldSetAutoExpireDateOfDrugOrderIfAutoExpireDateIsNotSet" classname="org.openmrs.api.OrderServiceTest" time="0.115"/>
  <testcase name="getOrderGroupAttributeType_shouldReturnNullIfNoOrderGroupAttributeTypeHasTheGivenId" classname="org.openmrs.api.OrderServiceTest" time="0.044"/>
  <testcase name="getOrders_shouldFailIfCareSettingIsNull" classname="org.openmrs.api.OrderServiceTest" time="0.047"/>
  <testcase name="getOrders_shouldReturnOrdersWithFulfillerStatusReceivedOrNull" classname="org.openmrs.api.OrderServiceTest" time="0.048"/>
  <testcase name="getOrderFrequencies_shouldRejectANullSearchPhrase" classname="org.openmrs.api.OrderServiceTest" time="0.046"/>
  <testcase name="getOrders_shouldGetTheOrdersThatMatchAllTheArguments" classname="org.openmrs.api.OrderServiceTest" time="0.06"/>
  <testcase name="getOrderGroupAttributeTypes_shouldReturnAllOrderGroupAttributeTypes" classname="org.openmrs.api.OrderServiceTest" time="0.044"/>
  <testcase name="getOrderFrequencies_shouldGetNonRetiredFrequenciesWithNamesMatchingThePhraseIfIncludeRetiredIsFalse" classname="org.openmrs.api.OrderServiceTest" time="0.074"/>
  <testcase name="getDiscontinuationOrder_shouldReturnNullIfDcOrderIsVoided" classname="org.openmrs.api.OrderServiceTest" time="0.055"/>
  <testcase name="getActiveOrders_shouldReturnAllOrdersIfNoOrderTypeIsSpecified" classname="org.openmrs.api.OrderServiceTest" time="0.051"/>
  <testcase name="saveRetrospectiveOrder_shouldFailIfAnActiveDrugOrderForTheSameConceptAndCareSettingExistsAtOrderDateActivated" classname="org.openmrs.api.OrderServiceTest" time="0.144"/>
  <testcase name="getOrderFrequencyByConcept_shouldReturnTheOrderFrequencyThatMatchesTheSpecifiedConcept" classname="org.openmrs.api.OrderServiceTest" time="0.047"/>
  <testcase name="retireOrderGroupAttributeType_shouldRetireOrderGroupAttributeType" classname="org.openmrs.api.OrderServiceTest" time="0.05"/>
  <testcase name="voidOrder_shouldUnsetDateStoppedOfThePreviousOrderIfTheSpecifiedOrderIsARevision" classname="org.openmrs.api.OrderServiceTest" time="0.055"/>
  <testcase name="getOrderFrequencies_shouldGetFrequenciesWithNamesThatMatchThePhraseAndLocalesIfExactLocaleIsFalse" classname="org.openmrs.api.OrderServiceTest" time="0.07"/>
  <testcase name="saveOrder_shouldFailIfConceptInPreviousOrderDoesNotMatchThisConcept" classname="org.openmrs.api.OrderServiceTest" time="0.06"/>
  <testcase name="saveOrder_shouldSetOrderTypeOfTestOrderToTestOrderIfNotSetAndConceptNotMapped" classname="org.openmrs.api.OrderServiceTest" time="0.059"/>
  <testcase name="getOrders_shouldFailIfPatientIsNull" classname="org.openmrs.api.OrderServiceTest" time="0.045"/>
  <testcase name="getOrderHistoryByConcept_shouldReturnEmptyListForConceptWithoutOrders" classname="org.openmrs.api.OrderServiceTest" time="0.049"/>
  <testcase name="unvoidOrder_shouldFailForADiscontinuationOrderIfThePreviousOrderIsInactive" classname="org.openmrs.api.OrderServiceTest" time="0.059"/>
  <testcase name="getCareSettingByName_shouldReturnTheCareSettingWithTheSpecifiedName" classname="org.openmrs.api.OrderServiceTest" time="0.045"/>
  <testcase name="saveOrderType_shouldEditAnExistingOrderType" classname="org.openmrs.api.OrderServiceTest" time="0.05"/>
  <testcase name="getActiveOrders_shouldReturnAllActiveTestOrdersForTheSpecifiedPatient" classname="org.openmrs.api.OrderServiceTest" time="0.056"/>
  <testcase name="saveOrder_shouldRollTheAutoExpireDateToTheEndOfTheDayIfItHasNoTimeComponent" classname="org.openmrs.api.OrderServiceTest" time="0.057"/>
  <testcase name="saveOrderType_shouldAddANewOrderTypeToTheDatabase" classname="org.openmrs.api.OrderServiceTest" time="0.046"/>
  <testcase name="saveOrder_shouldPassIfAnActiveDrugOrderForTheSameConceptAndCareSettingButDifferentFormulationExists" classname="org.openmrs.api.OrderServiceTest" time="0.105"/>
  <testcase name="getOrders_shouldGetOrdersByConcepts" classname="org.openmrs.api.OrderServiceTest" time="0.048"/>
  <testcase name="getRevisionOrder_shouldReturnNullIfOrderHasNotBeenRevised" classname="org.openmrs.api.OrderServiceTest" time="0.054"/>
  <testcase name="getOrders_shouldGetOrdersByIncludeVoided" classname="org.openmrs.api.OrderServiceTest" time="0.047"/>
  <testcase name="updateOrderFulfillerStatus_shouldEditFulfillerStatusWithAccessionNumberInOrder" classname="org.openmrs.api.OrderServiceTest" time="0.052"/>
  <testcase name="purgeOrder_shouldDeleteAnyObsAssociatedToTheOrderWhenCascadeIsTrue" classname="org.openmrs.api.OrderServiceTest" time="0.071"/>
  <testcase name="saveOrder_shouldNotAllowRevisingAnExpiredOrder" classname="org.openmrs.api.OrderServiceTest" time="0.053"/>
  <testcase name="saveOrder_shouldSetOrderNumberSpecifiedInTheContextIfSpecified" classname="org.openmrs.api.OrderServiceTest" time="0.058"/>
  <testcase name="voidOrder_shouldUnsetDateStoppedOfThePreviousOrderIfTheSpecifiedOrderIsADiscontinuation" classname="org.openmrs.api.OrderServiceTest" time="0.05"/>
  <testcase name="saveOrder_shouldPassIfAnActiveTestOrderForTheSameConceptAndCareSettingExists" classname="org.openmrs.api.OrderServiceTest" time="0.062"/>
  <testcase name="getOrderFrequencies_shouldReturnAllTheOrderFrequenciesIfIncludeRetiredIsSetToTrue" classname="org.openmrs.api.OrderServiceTest" time="0.044"/>
  <testcase name="getOrders_shouldreturnDiscontinuedOrders" classname="org.openmrs.api.OrderServiceTest" time="0.045"/>
  <testcase name="saveOrder_shouldNotSaveOrderIfOrderDoesntValidate" classname="org.openmrs.api.OrderServiceTest" time="0.047"/>
  <testcase name="getOrderGroupAttributeTypeByUuid_shouldReturnOrderGroupAttributeTypeByUuid" classname="org.openmrs.api.OrderServiceTest" time="0.045"/>
  <testcase name="getOrderHistoryByConcept_shouldRejectANullPatient" classname="org.openmrs.api.OrderServiceTest" time="0.044"/>
  <testcase name="getRevisionOrder_shouldNotReturnAVoidedRevisionOrder" classname="org.openmrs.api.OrderServiceTest" time="0.073"/>
  <testcase name="getOrderFrequencies_shouldReturnOnlyNonRetiredOrderFrequenciesIfIncludeRetiredIsSetToFalse" classname="org.openmrs.api.OrderServiceTest" time="0.045"/>
  <testcase name="getNonCodedDrugConcept_shouldReturnNullIfNothingIsConfigured" classname="org.openmrs.api.OrderServiceTest" time="0.047"/>
  <testcase name="getOrders_shouldReturnOrdersAutoExpiredBeforeDate" classname="org.openmrs.api.OrderServiceTest" time="0.047"/>
  <testcase name="saveOrder_shouldFailIfOrderTypeIsNullAndNotMappedToTheConceptClass" classname="org.openmrs.api.OrderServiceTest" time="0.055"/>
  <testcase name="getOrderAttributeByUuid_shouldReturnNullIfNonExistingUuidIsProvided" classname="org.openmrs.api.OrderServiceTest" time="0.046"/>
  <testcase name="voidOrder_shouldVoidAnOrder" classname="org.openmrs.api.OrderServiceTest" time="0.048"/>
  <testcase name="getOrderFrequencies_shouldIncludeRetiredFrequenciesIfIncludeRetiredIsSetToTrue" classname="org.openmrs.api.OrderServiceTest" time="0.083"/>
  <testcase name="getOrders_shouldGetOrdersByOrderTypes" classname="org.openmrs.api.OrderServiceTest" time="0.047"/>
  <testcase name="unretireOrderAttributeType_shouldUnretireTheProvidedOrderAttributeType" classname="org.openmrs.api.OrderServiceTest" time="0.05"/>
  <testcase name="getOrderByUuid_shouldFindObjectGivenValidUuid" classname="org.openmrs.api.OrderServiceTest" time="0.047"/>
  <testcase name="saveOrder_shouldThrowAmbiguousOrderExceptionIfAnActiveDrugOrderForTheSameDrugFormulationExists" classname="org.openmrs.api.OrderServiceTest" time="0.102"/>
  <testcase name="getOrderAttributeTypeById_shouldReturnOrderAttributeTypeUsingProvidedId" classname="org.openmrs.api.OrderServiceTest" time="0.05"/>
  <testcase name="discontinueOrder_shouldFailIfDiscontinueDateIsInTheFuture" classname="org.openmrs.api.OrderServiceTest" time="0.054"/>
  <testcase name="saveOrder_shouldSetTheOrderNumberReturnedByTheConfiguredGenerator" classname="org.openmrs.api.OrderServiceTest" time="0.056"/>
  <testcase name="getOrderTypes_shouldGetAllOrderTypesIfIncludeRetiredIsSetToTrue" classname="org.openmrs.api.OrderServiceTest" time="0.045"/>
  <testcase name="getOrderFrequencies_shouldReturnUniqueFrequencies" classname="org.openmrs.api.OrderServiceTest" time="0.084"/>
  <testcase name="getOrderFrequencyByUuid_shouldReturnTheOrderFrequencyThatMatchesTheSpecifiedUuid" classname="org.openmrs.api.OrderServiceTest" time="0.048"/>
  <testcase name="saveOrder_shouldAllowARetrospectiveOrderToCloseAnOrderThatExpiredInThePast" classname="org.openmrs.api.OrderServiceTest" time="0.117"/>
  <testcase name="getOrders_shouldReturnOrdersWithFulfillerStatusNotNull" classname="org.openmrs.api.OrderServiceTest" time="0.046"/>
  <testcase name="unvoidOrder_shouldStopThePreviousOrderIfTheSpecifiedOrderIsARevision" classname="org.openmrs.api.OrderServiceTest" time="0.055"/>
  <testcase name="getTestSpecimenSources_shouldReturnAnEmptyListIfNothingIsConfigured" classname="org.openmrs.api.OrderServiceTest" time="0.046"/>
  <testcase name="saveOrderGroupAttributeType_shouldEditAnExistingOrderGroupAttributeType" classname="org.openmrs.api.OrderServiceTest" time="0.046"/>
  <testcase name="getOrders_shouldGetTheOrdersByOrderNumberEvenIfCaseDoesNotMatch" classname="org.openmrs.api.OrderServiceTest" time="0.047"/>
  <testcase name="saveOrderGroupAttributeType_shouldSaveOrderGroupAttributeTypeGivenOrderGroupAttributeType" classname="org.openmrs.api.OrderServiceTest" time="0.054"/>
  <testcase name="getOrderAttributeTypeByUuid_shouldReturnOrderAttributeTypeUsingProvidedUuid" classname="org.openmrs.api.OrderServiceTest" time="0.046"/>
  <testcase name="saveOrder_shouldSaveTheFormNamespaceAndPath" classname="org.openmrs.api.OrderServiceTest" time="0.055"/>
  <testcase name="getOrderGroupAttributeTypeByName_shouldReturnOrderGroupAttributeTypeUsingName" classname="org.openmrs.api.OrderServiceTest" time="0.046"/>
  <testcase name="saveOrder_shouldThrowAmbiguousOrderExceptionIfDisconnectingMultipleActiveOrdersForTheGivenConcepts" classname="org.openmrs.api.OrderServiceTest" time="0.088"/>
  <testcase name="getAllOrdersByPatient_shouldGetAllTheOrdersForTheSpecifiedPatient" classname="org.openmrs.api.OrderServiceTest" time="0.051"/>
  <testcase name="retireOrderAttributeType_shouldRetireTheProvidedOrderAttributeType" classname="org.openmrs.api.OrderServiceTest" time="0.051"/>
  <testcase name="unretireOrderFrequency_shouldUnretireGivenOrderFrequency" classname="org.openmrs.api.OrderServiceTest" time="0.072"/>
  <testcase name="getOrderType_shouldReturnNullIfNoOrderTypeObjectFoundWithGivenId" classname="org.openmrs.api.OrderServiceTest" time="0.045"/>
  <testcase name="getOrders_shouldGetTheOrdersByOrderNumber" classname="org.openmrs.api.OrderServiceTest" time="0.046"/>
  <testcase name="purgeOrderGroupAttributeType_shouldPurgeOrderGroupAttributeType" classname="org.openmrs.api.OrderServiceTest" time="0.046"/>
  <testcase name="getOrders_shouldIncludeVoidedMatchesIfIncludeVoidedIsSetToTrue" classname="org.openmrs.api.OrderServiceTest" time="0.052"/>
  <testcase name="getOrderByOrderNumber_shouldFindObjectGivenValidOrderNumber" classname="org.openmrs.api.OrderServiceTest" time="0.052"/>
  <testcase name="discontinueOrder_shouldFailForADiscontinuedOrder" classname="org.openmrs.api.OrderServiceTest" time="0.05"/>
  <testcase name="getNonCodedDrugConcept_shouldReturnAConceptIfGPIsSet" classname="org.openmrs.api.OrderServiceTest" time="0.093"/>
  <testcase name="discontinueOrder_shouldPopulateCorrectAttributesOnTheDiscontinueAndDiscontinuedOrders" classname="org.openmrs.api.OrderServiceTest" time="0.05"/>
  <testcase name="getOrderByUuid_shouldReturnNullIfNoObjectFoundWithGivenUuid" classname="org.openmrs.api.OrderServiceTest" time="0.045"/>
  <testcase name="getOrderByOrderNumber_shouldReturnNullIfNoObjectFoundWithGivenOrderNumber" classname="org.openmrs.api.OrderServiceTest" time="0.045"/>
  <testcase name="getOrders_shouldGetOrdersByActivatedOnOrBeforeDate" classname="org.openmrs.api.OrderServiceTest" time="0.061"/>
  <testcase name="saveOrder_shouldPassIfAnActiveOrderForTheSameConceptExistsInADifferentCareSetting" classname="org.openmrs.api.OrderServiceTest" time="0.062"/>
  <testcase name="updateOrderFulfillerStatus_shouldUpdateFulfillerStatusWithEmptyStrings" classname="org.openmrs.api.OrderServiceTest" time="0.051"/>
  <testcase name="getOrderAttributeByUuid_shouldReturnOrderAttributeUsingProvidedUuid" classname="org.openmrs.api.OrderServiceTest" time="0.044"/>
  <testcase name="getOrderHistoryByOrderNumber_shouldReturnAllOrderHistoryForGivenOrderNumber" classname="org.openmrs.api.OrderServiceTest" time="0.047"/>
  <testcase name="saveOrder_shouldRevisePreviousNonCodedOrderIfItIsAlreadyExisting" classname="org.openmrs.api.OrderServiceTest" time="0.105"/>
  <testcase name="saveOrder_shouldFailIfTheExistingDrugOrderMatchesTheConceptAndNotDrugOfTheRevisedOrder" classname="org.openmrs.api.OrderServiceTest" time="0.071"/>
  <testcase name="purgeOrderFrequency_shouldNotAllowDeletingAnOrderFrequencyThatIsInUse" classname="org.openmrs.api.OrderServiceTest" time="0.047"/>
  <testcase name="getOrderGroupAttributeByUuid_shouldReturnOrderGroupAttributeGivenUuid" classname="org.openmrs.api.OrderServiceTest" time="0.047"/>
  <testcase name="saveOrder_shouldSaveARevisedOrder" classname="org.openmrs.api.OrderServiceTest" time="0.06"/>
  <testcase name="getOrderTypeByConceptClass_shouldGetOrderTypeMappedToTheGivenConceptClass" classname="org.openmrs.api.OrderServiceTest" time="0.044"/>
  <testcase name="getAllOrdersByPatient_shouldFailIfPatientIsNull" classname="org.openmrs.api.OrderServiceTest" time="0.045"/>
  <testcase name="purgeOrderType_shouldNotAllowDeletingAnOrderTypeThatIsInUse" classname="org.openmrs.api.OrderServiceTest" time="0.053"/>
  <testcase name="updateOrderFulfillerStatus_shouldNotUpdateFulfillerStatusNullParameters" classname="org.openmrs.api.OrderServiceTest" time="0.051"/>
  <testcase name="getTestSpecimenSources_shouldReturnAListIfGPIsSet" classname="org.openmrs.api.OrderServiceTest" time="0.044"/>
  <testcase name="getDiscontinuationOrder_shouldReturnNullIfOrderHasNotBeenDiscontinued" classname="org.openmrs.api.OrderServiceTest" time="0.045"/>
  <testcase name="getOrderType_shouldFindOrderTypeObjectGivenValidId" classname="org.openmrs.api.OrderServiceTest" time="0.044"/>
  <testcase name="unretireOrderType_shouldUnretireOrderType" classname="org.openmrs.api.OrderServiceTest" time="0.046"/>
  <testcase name="saveOrder_shouldDiscontinuePreviousNonCodedOrderIfItIsNotAlreadyDiscontinued" classname="org.openmrs.api.OrderServiceTest" time="0.105"/>
  <testcase name="discontinueOrder_shouldRejectAFutureDiscontinueDate" classname="org.openmrs.api.OrderServiceTest" time="0.051"/>
  <testcase name="saveOrder_shouldSaveARevisedOrderForAScheduledOrderWhichIsNotStarted" classname="org.openmrs.api.OrderServiceTest" time="0.058"/>
  <testcase name="saveOrderAttributeType_shouldEditTheExistingOrderAttributeType" classname="org.openmrs.api.OrderServiceTest" time="0.044"/>
  <testcase name="discontinueOrder_shouldFailForADiscontinuationOrder" classname="org.openmrs.api.OrderServiceTest" time="0.06"/>
  <testcase name="saveOrder_shouldPassIfAnActiveDrugOrderForTheSameDrugFormulationExistsBeyondSchedule" classname="org.openmrs.api.OrderServiceTest" time="0.105"/>
  <testcase name="getOrderTypeByConcept_shouldGetOrderTypeMappedToTheGivenConcept" classname="org.openmrs.api.OrderServiceTest" time="0.045"/>
  <testcase name="discontinueOrder_shouldNotPassForADiscontinuationOrder" classname="org.openmrs.api.OrderServiceTest" time="0.083"/>
  <testcase name="saveOrder_shouldNotAllowEditingAnExistingOrder" classname="org.openmrs.api.OrderServiceTest" time="0.056"/>
  <testcase name="discontinueOrder_shouldFailForAStoppedOrder" classname="org.openmrs.api.OrderServiceTest" time="0.049"/>
  <testcase name="getCareSettings_shouldReturnOnlyUnRetiredCareSettingsIfIncludeRetiredIsSetToFalse" classname="org.openmrs.api.OrderServiceTest" time="0.045"/>
  <testcase name="saveOrder_shouldSetOrderTypeOfDrugOrderToDrugOrderIfNotSetAndConceptNotMapped" classname="org.openmrs.api.OrderServiceTest" time="0.065"/>
  <testcase name="saveOrder_shouldFailIfAnActiveDrugOrderForTheSameConceptAndDrugNonCodedAndCareSettingExists" classname="org.openmrs.api.OrderServiceTest" time="0.103"/>
  <testcase name="saveOrder_shouldFailIfAnActiveDrugOrderForTheSameConceptAndCareSettingExists" classname="org.openmrs.api.OrderServiceTest" time="0.058"/>
  <testcase name="getOrders_shouldGetTheOrdersByCareSettingAndOrderType" classname="org.openmrs.api.OrderServiceTest" time="0.044"/>
  <testcase name="getAllOrderAttributeTypes_shouldReturnAllOrderAttributeTypes" classname="org.openmrs.api.OrderServiceTest" time="0.048"/>
  <testcase name="saveOrderFrequency_shouldEditAnExistingOrderFrequencyThatIsNotInUse" classname="org.openmrs.api.OrderServiceTest" time="0.075"/>
  <testcase name="saveOrderGroup_shouldSavePreviouslySavedOrderGroup" classname="org.openmrs.api.OrderServiceTest" time="0.103"/>
  <testcase name="saveOrder_shouldFailForRevisionOrderIfAnActiveDrugOrderForTheSameConceptAndCareSettingsExists" classname="org.openmrs.api.OrderServiceTest" time="0">
    <skipped message="Ignored because it fails after removal of deprecated methods TRUNK-4772"/>
  </testcase>
  <testcase name="getActiveOrders_shouldReturnAllActiveDrugOrdersForTheSpecifiedPatient" classname="org.openmrs.api.OrderServiceTest" time="0.047"/>
  <testcase name="getRevisionOrder_shouldReturnRevisionOrderIfOrderHasBeenRevised" classname="org.openmrs.api.OrderServiceTest" time="0.046"/>
  <testcase name="retireOrderFrequency_shouldRetireGivenOrderFrequency" classname="org.openmrs.api.OrderServiceTest" time="0.045"/>
  <testcase name="saveOrder_shouldFailIfConceptInPreviousOrderDoesNotMatchThatOfTheRevisedOrder" classname="org.openmrs.api.OrderServiceTest" time="0.058"/>
  <testcase name="getDrugDosingUnits_shouldReturnAListIfGPIsSet" classname="org.openmrs.api.OrderServiceTest" time="0.05"/>
  <testcase name="getOrders_shouldNotReturnCanceledOrAutoExpiredOrders" classname="org.openmrs.api.OrderServiceTest" time="0.045"/>
  <testcase name="getOrders_shouldGetOrdersByCareSetting" classname="org.openmrs.api.OrderServiceTest" time="0.045"/>
  <testcase name="getNewOrderNumber_shouldAlwaysReturnUniqueOrderNumbersWhenCalledMultipleTimesWithoutSavingOrders" classname="org.openmrs.api.OrderServiceTest" time="0.148"/>
  <testcase name="getOrderHistoryByConcept_shouldRejectANullConcept" classname="org.openmrs.api.OrderServiceTest" time="0.047"/>
  <testcase name="saveOrder_shouldFailIfTheJavaTypeOfThePreviousOrderDoesNotMatch" classname="org.openmrs.api.OrderServiceTest" time="0.678"/>
  <testcase name="getOrders_shouldNotReturnDiscontinuedOrders" classname="org.openmrs.api.OrderServiceTest" time="0.046"/>
  <testcase name="getDrugDispensingUnits_shouldReturnTheUnionOfTheDosingAndDispensingUnits" classname="org.openmrs.api.OrderServiceTest" time="0.063"/>
  <testcase name="getActiveOrders_shouldFailIfPatientIsNull" classname="org.openmrs.api.OrderServiceTest" time="0.045"/>
  <testcase name="retireOrderType_shouldRetireOrderType" classname="org.openmrs.api.OrderServiceTest" time="0.046"/>
  <testcase name="getOrderSubTypes_shouldGetAllSubOrderTypesWithRetiredOrderTypes" classname="org.openmrs.api.OrderServiceTest" time="0.046"/>
  <testcase name="getOrderTypeByUuid_shouldReturnNullIfNoOrderTypeObjectFoundWithGivenUuid" classname="org.openmrs.api.OrderServiceTest" time="0.045"/>
  <testcase name="updateOrderFulfillerStatus_shouldEditFulfillerStatusInOrder" classname="org.openmrs.api.OrderServiceTest" time="0.051"/>
  <testcase name="getCareSettingByUuid_shouldReturnTheCareSettingWithTheSpecifiedUuid" classname="org.openmrs.api.OrderServiceTest" time="0.044"/>
  <testcase name="getOrderHistoryByConcept_shouldReturnOrdersWithTheGivenConcept" classname="org.openmrs.api.OrderServiceTest" time="0.056"/>
  <testcase name="getOrderSubTypes_shouldGetAllSubOrderTypesWithoutRetiredOrderTypes" classname="org.openmrs.api.OrderServiceTest" time="0.044"/>
  <testcase name="getActiveOrders_shouldReturnAllActiveOrdersForTheSpecifiedPatientAndCareSetting" classname="org.openmrs.api.OrderServiceTest" time="0.048"/>
  <testcase name="discontinueOrder_shouldNotPassForADiscontinuedOrder" classname="org.openmrs.api.OrderServiceTest" time="0.049"/>
  <testcase name="getOrders_shouldGetStoppedOrders" classname="org.openmrs.api.OrderServiceTest" time="0.045"/>
  <testcase name="saveOrder_shouldThrowAmbiguousOrderExceptionIfDisconnectingMultipleActiveDrugOrdersWithTheSameDrug" classname="org.openmrs.api.OrderServiceTest" time="0.098"/>
  <testcase name="saveOrder_shouldPassIfAnKnownDrugOrderForTheSameDrugFormulationSpecified" classname="org.openmrs.api.OrderServiceTest" time="0.095"/>
  <testcase name="getOrderTypes_shouldGetAllNonRetiredOrderTypesIfIncludeRetiredIsSetToFalse" classname="org.openmrs.api.OrderServiceTest" time="0.045"/>
  <testcase name="saveOrder_shouldSetConceptForDrugOrdersIfNull" classname="org.openmrs.api.OrderServiceTest" time="0.054"/>
  <testcase name="getOrderFrequencies_shouldGetFrequenciesWithNamesThatMatchThePhraseAndLocaleIfExactLocaleIsTrue" classname="org.openmrs.api.OrderServiceTest" time="0.069"/>
  <testcase name="getOrders_shouldGetTheOrdersByAccessionNumberEvenIfCaseDoesNotMatch" classname="org.openmrs.api.OrderServiceTest" time="0.052"/>
  <testcase name="shouldSetTheCorrectSortWeightWhenAddingAnOrderWithANegativePosition" classname="org.openmrs.api.OrderServiceTest" time="0.112"/>
  <testcase name="saveOrder_shouldPassIfAnActiveDrugOrderForTheSameConceptAndDifferentDrugNonCodedExists" classname="org.openmrs.api.OrderServiceTest" time="0.104"/>
  <testcase name="discontinueOrder_shouldPassForAnActiveOrderWhichIsScheduledAndNotStartedAsOfDiscontinueDateWithParamConcept" classname="org.openmrs.api.OrderServiceTest" time="0.054"/>
  <testcase name="getOrders_shouldReturnOnlyCanceledOrAutoExpiredOrdersBeforeDate" classname="org.openmrs.api.OrderServiceTest" time="0.054"/>
  <testcase name="getOrders_shouldGetTheOrdersByAccessionNumber" classname="org.openmrs.api.OrderServiceTest" time="0.046"/>
  <testcase name="saveOrderWithScheduledDate_shouldAddANewOrderWithScheduledDateToTheDatabase" classname="org.openmrs.api.OrderServiceTest" time="0.054"/>
  <testcase name="getOrders_shouldreturnOrdersWithFulfillerStatusCompleted" classname="org.openmrs.api.OrderServiceTest" time="0.044"/>
  <testcase name="shouldSaveOrdersWithSortWeightWhenWithinAOrderGroup" classname="org.openmrs.api.OrderServiceTest" time="0.108"/>
  <testcase name="unvoidOrder_shouldUnvoidAnOrder" classname="org.openmrs.api.OrderServiceTest" time="0.05"/>
  <testcase name="getDurationUnits_shouldReturnAListIfGPIsSet" classname="org.openmrs.api.OrderServiceTest" time="0.064"/>
  <testcase name="retireOrderType_shouldNotRetireIndependentField" classname="org.openmrs.api.OrderServiceTest" time="0.046"/>
  <testcase name="getOrders_shouldReturnOrdersWithFulfillerStatusNull" classname="org.openmrs.api.OrderServiceTest" time="0.046"/>
  <testcase name="shouldSetTheCorrectSortWeightWhenAddingAnOrderAtAPosition" classname="org.openmrs.api.OrderServiceTest" time="0.111"/>
  <testcase name="saveOrder_shouldFailDiscontinueNonCodedDrugOrderIfOrderableOfPreviousAndNewOrderDontMatch" classname="org.openmrs.api.OrderServiceTest" time="0.109"/>
  <testcase name="discontinueOrder_shouldFailForAVoidedOrder" classname="org.openmrs.api.OrderServiceTest" time="0.049"/>
  <testcase name="getDrugRoutes_shouldGetDrugRoutesAssociatedConceptPrividedInGlobalProperties" classname="org.openmrs.api.OrderServiceTest" time="0.044"/>
  <testcase name="discontinueOrder_shouldSetCorrectAttributesOnTheDiscontinueAndDiscontinuedOrders" classname="org.openmrs.api.OrderServiceTest" time="0.073"/>
  <testcase name="saveOrder_shouldPassIfTheExistingDrugOrderMatchesTheConceptAndThereIsNoDrugOnThePreviousOrder" classname="org.openmrs.api.OrderServiceTest" time="0.056"/>
  <testcase name="discontinueOrder_shouldPassForAnActiveOrderWhichIsScheduledAndNotStartedAsOfDiscontinueDate" classname="org.openmrs.api.OrderServiceTest" time="0.055"/>
  <testcase name="saveOrder_shouldNotRevisePreviousIfAlreadyStopped" classname="org.openmrs.api.OrderServiceTest" time="0.127"/>
  <testcase name="saveOrder_shouldPassIfTheExistingDrugOrderMatchesTheConceptAndDrugOfTheDCOrder" classname="org.openmrs.api.OrderServiceTest" time="0.056"/>
  <testcase name="saveOrder_shouldDiscontinueExistingActiveOrderIfNewOrderBeingSavedWithActionToDiscontinue" classname="org.openmrs.api.OrderServiceTest" time="0.058"/>
  <testcase name="saveOrder_shouldNotChangeTheAutoExpireDateIfItHasATimeComponent" classname="org.openmrs.api.OrderServiceTest" time="0.054"/>
  <testcase name="getActiveOrders_shouldReturnActiveOrdersAsOfTheSpecifiedDate" classname="org.openmrs.api.OrderServiceTest" time="0.068"/>
  <testcase name="saveOrder_shouldFailIfTheOrderTypeOfThePreviousOrderDoesNotMatch" classname="org.openmrs.api.OrderServiceTest" time="0.053"/>
  <testcase name="getOrderAttributeTypeById_shouldReturnNullIfNoOrderAttributeTypeHasTheProvidedId" classname="org.openmrs.api.OrderServiceTest" time="0.044"/>
  <testcase name="getCareSettings_shouldReturnRetiredCareSettingsIfIncludeRetiredIsSetToTrue" classname="org.openmrs.api.OrderServiceTest" time="0.046"/>
  <testcase name="getOrderTypeByUuid_shouldFindOrderTypeObjectGivenValidUuid" classname="org.openmrs.api.OrderServiceTest" time="0.045"/>
  <testcase name="purgeOrder_shouldDeleteOrderFromTheDatabase" classname="org.openmrs.api.OrderServiceTest" time="0.046"/>
  <testcase name="saveRetrospectiveOrder_shouldDiscontinueOrderInRetrospectiveEntry" classname="org.openmrs.api.OrderServiceTest" time="0.128"/>
  <testcase name="getDrugDispensingUnits_shouldReturnAnEmptyListIfNothingIsConfigured" classname="org.openmrs.api.OrderServiceTest" time="0.047"/>
  <testcase name="getDrugDosingUnits_shouldReturnAnEmptyListIfNothingIsConfigured" classname="org.openmrs.api.OrderServiceTest" time="0.046"/>
  <testcase name="discontinueOrder_shouldFailForAnExpiredOrder" classname="org.openmrs.api.OrderServiceTest" time="0.05"/>
  <testcase name="getActiveOrders_shouldIncludeOrdersForSubTypesIfOrderTypeIsSpecified" classname="org.openmrs.api.OrderServiceTest" time="0.07"/>
  <testcase name="unvoidOrder_shouldFailForAReviseOrderIfThePreviousOrderIsInactive" classname="org.openmrs.api.OrderServiceTest" time="0.076"/>
  <testcase name="saveOrder_shouldSetOrderTypeIfNullButMappedToTheConceptClass" classname="org.openmrs.api.OrderServiceTest" time="0.054"/>
  <testcase name="saveOrder_shouldDiscontinuePreviousOrderIfItIsNotAlreadyDiscontinued" classname="org.openmrs.api.OrderServiceTest" time="0.061"/>
  <testcase name="saveOrder_shouldSaveRevisionOrderScheduledOnDateNotOverlappingWithAnActiveOrderForTheSameConceptAndCareSetting" classname="org.openmrs.api.OrderServiceTest" time="0">
    <skipped message="Ignored because it fails after removal of deprecated methods TRUNK-4772"/>
  </testcase>
  <testcase name="saveOrder_shouldFailIfDrugNonCodedInPreviousDrugOrderDoesNotMatchThatOfTheRevisedDrugOrder" classname="org.openmrs.api.OrderServiceTest" time="0.105"/>
  <testcase name="getActiveOrders_shouldReturnAllActiveOrdersForTheSpecifiedPatient" classname="org.openmrs.api.OrderServiceTest" time="0.049"/>
  <testcase name="getOrders_shouldGetOrdersByPatient" classname="org.openmrs.api.OrderServiceTest" time="0.048"/>
  <testcase name="getOrderFrequency_shouldReturnTheOrderFrequencyThatMatchesTheSpecifiedId" classname="org.openmrs.api.OrderServiceTest" time="0.052"/>
  <testcase name="saveRetrospectiveOrder_shouldDiscontinueAndStopActiveOrderInRetrospectiveEntry" classname="org.openmrs.api.OrderServiceTest" time="0.12"/>
  <testcase name="getDiscontinuationOrder_shouldReturnDiscontinuationOrderIfOrderHasBeenDiscontinued" classname="org.openmrs.api.OrderServiceTest" time="0.051"/>
  <testcase name="saveOrderGroup_shouldFailValidationIfAnyOrdersFailValidation" classname="org.openmrs.api.OrderServiceTest" time="0.111"/>
  <testcase name="getOrders_shouldIncludeOrdersForSubTypesIfOrderTypeIsSpecified" classname="org.openmrs.api.OrderServiceTest" time="0.073"/>
  <testcase name="getOrderGroupAttributeType_shouldReturnOrderGroupAttributeType" classname="org.openmrs.api.OrderServiceTest" time="0.044"/>
  <testcase name="purgeOrderAttributeType_shouldPurgeTheProvidedOrderAttributeType" classname="org.openmrs.api.OrderServiceTest" time="0.045"/>
  <testcase name="unvoidOrder_shouldStopThePreviousOrderIfTheSpecifiedOrderIsADiscontinuation" classname="org.openmrs.api.OrderServiceTest" time="0.052"/>
  <testcase name="unretireOrderGroupAttributeType_shouldUnretireOrderGroupAttributeType" classname="org.openmrs.api.OrderServiceTest" time="0.044"/>
  <testcase name="purgeOrderType_shouldDeleteOrderTypeIfNotInUse" classname="org.openmrs.api.OrderServiceTest" time="0.046"/>
  <testcase name="getDurationUnits_shouldReturnAnEmptyListIfNothingIsConfigured" classname="org.openmrs.api.OrderServiceTest" time="0.054"/>
  <testcase name="getOrders_shouldGetOrdersByActivatedOnOrAfterDate" classname="org.openmrs.api.OrderServiceTest" time="0.045"/>
  <testcase name="saveOrder_shouldNotAllowRevisingAStoppedOrder" classname="org.openmrs.api.OrderServiceTest" time="0.056"/>
  <testcase name="getOrderTypeByName_shouldReturnTheOrderTypeThatMatchesTheSpecifiedName" classname="org.openmrs.api.OrderServiceTest" time="0.043"/>
  <testcase name="saveOrder_shouldPassForRevisionOrderIfAnActiveTestOrderForTheSameConceptAndCareSettingsExists" classname="org.openmrs.api.OrderServiceTest" time="0">
    <skipped message="Ignored because it fails after removal of deprecated methods TRUNK-4772"/>
  </testcase>
  <testcase name="saveOrder_shouldNotAllowRevisingAnOrderWithNoPreviousOrder" classname="org.openmrs.api.OrderServiceTest" time="0.056"/>
  <testcase name="purgeOrderFrequency_shouldDeleteGivenOrderFrequency" classname="org.openmrs.api.OrderServiceTest" time="0.046"/>
  <testcase name="saveOrder_shouldFailIfTheCareSettingOfThePreviousOrderDoesNotMatch" classname="org.openmrs.api.OrderServiceTest" time="0.061"/>
  <testcase name="saveOrder_shouldFailIfTheExistingDrugOrderMatchesTheConceptAndNotDrugOfTheDCOrder" classname="org.openmrs.api.OrderServiceTest" time="0.056"/>
  <testcase name="shouldSetTheCorrectSortWeightWhenAddingAnOrderInOrderGroup" classname="org.openmrs.api.OrderServiceTest" time="0.108"/>
  <testcase name="saveOrder_shouldSetAutoExpireDateForReviseOrderWithSimpleDosingInstructions" classname="org.openmrs.api.OrderServiceTest" time="0.107"/>
</testsuite>