<?xml version="1.0" encoding="UTF-8"?>
<testsuite xmlns:xsi="http://www.w3.org/2001/XMLSchema-instance" xsi:noNamespaceSchemaLocation="https://maven.apache.org/surefire/maven-surefire-plugin/xsd/surefire-test-report-3.0.xsd" version="3.0" name="org.openmrs.api.EncounterServiceTest" time="28.672" tests="149" errors="0" skipped="2" failures="0">
  <properties>
    <property name="awt.toolkit" value="sun.awt.X11.XToolkit"/>
    <property name="java.specification.version" value="11"/>
    <property name="sun.cpu.isalist" value=""/>
    <property name="sun.jnu.encoding" value="UTF-8"/>
    <property name="user.region" value="US"/>
    <property name="java.class.path" value="/home/ubuntu/.m2/repository/org/apache/maven/surefire/surefire-api/3.1.0-atlassian-2/surefire-api-3.1.0-atlassian-2.jar:/home/ubuntu/.m2/repository/org/apache/maven/surefire/surefire-logger-api/3.1.0-atlassian-2/surefire-logger-api-3.1.0-atlassian-2.jar:/home/ubuntu/.m2/repository/org/apache/maven/surefire/surefire-shared-utils/3.1.0-atlassian-2/surefire-shared-utils-3.1.0-atlassian-2.jar:/home/ubuntu/.m2/repository/org/apache/maven/surefire/surefire-extensions-spi/3.1.0-atlassian-2/surefire-extensions-spi-3.1.0-atlassian-2.jar:/home/ubuntu/.m2/repository/org/apache/maven/surefire/surefire-booter/3.1.0-atlassian-2/surefire-booter-3.1.0-atlassian-2.jar:/home/ubuntu/liontech-emr/liontech-emr-health-app-2/api/target/test-classes:/home/ubuntu/liontech-emr/liontech-emr-health-app-2/api/target/classes:/home/ubuntu/.m2/repository/org/springframework/spring-test/5.3.23/spring-test-5.3.23.jar:/home/ubuntu/.m2/repository/com/h2database/h2/1.4.200/h2-1.4.200.jar:/home/ubuntu/.m2/repository/junit/junit/4.13.2/junit-4.13.2.jar:/home/ubuntu/.m2/repository/org/junit/jupiter/junit-jupiter-api/5.9.3/junit-jupiter-api-5.9.3.jar:/home/ubuntu/.m2/repository/org/opentest4j/opentest4j/1.2.0/opentest4j-1.2.0.jar:/home/ubuntu/.m2/repository/org/junit/platform/junit-platform-commons/1.9.3/junit-platform-commons-1.9.3.jar:/home/ubuntu/.m2/repository/org/apiguardian/apiguardian-api/1.1.2/apiguardian-api-1.1.2.jar:/home/ubuntu/.m2/repository/org/junit/jupiter/junit-jupiter-engine/5.9.3/junit-jupiter-engine-5.9.3.jar:/home/ubuntu/.m2/repository/org/junit/platform/junit-platform-engine/1.9.3/junit-platform-engine-1.9.3.jar:/home/ubuntu/.m2/repository/org/junit/vintage/junit-vintage-engine/5.9.3/junit-vintage-engine-5.9.3.jar:/home/ubuntu/.m2/repository/org/dbunit/dbunit/2.7.3/dbunit-2.7.3.jar:/home/ubuntu/.m2/repository/org/postgresql/postgresql/42.6.0/postgresql-42.6.0.jar:/home/ubuntu/.m2/repository/com/oracle/database/jdbc/ojdbc8/19.3.0.0/ojdbc8-19.3.0.0.jar:/home/ubuntu/.m2/repository/com/oracle/database/jdbc/ucp/19.3.0.0/ucp-19.3.0.0.jar:/home/ubuntu/.m2/repository/com/oracle/database/security/oraclepki/19.3.0.0/oraclepki-19.3.0.0.jar:/home/ubuntu/.m2/repository/com/oracle/database/security/osdt_cert/19.3.0.0/osdt_cert-19.3.0.0.jar:/home/ubuntu/.m2/repository/com/oracle/database/security/osdt_core/19.3.0.0/osdt_core-19.3.0.0.jar:/home/ubuntu/.m2/repository/com/oracle/database/ha/simplefan/19.3.0.0/simplefan-19.3.0.0.jar:/home/ubuntu/.m2/repository/com/oracle/database/ha/ons/19.3.0.0/ons-19.3.0.0.jar:/home/ubuntu/.m2/repository/org/mockito/mockito-core/3.12.4/mockito-core-3.12.4.jar:/home/ubuntu/.m2/repository/org/mockito/mockito-junit-jupiter/3.12.4/mockito-junit-jupiter-3.12.4.jar:/home/ubuntu/.m2/repository/org/hamcrest/hamcrest-core/2.2/hamcrest-core-2.2.jar:/home/ubuntu/.m2/repository/org/hamcrest/hamcrest/2.2/hamcrest-2.2.jar:/home/ubuntu/.m2/repository/org/powermock/powermock-reflect/2.0.9/powermock-reflect-2.0.9.jar:/home/ubuntu/.m2/repository/org/objenesis/objenesis/3.0.1/objenesis-3.0.1.jar:/home/ubuntu/.m2/repository/net/bytebuddy/byte-buddy/1.10.14/byte-buddy-1.10.14.jar:/home/ubuntu/.m2/repository/net/bytebuddy/byte-buddy-agent/1.10.14/byte-buddy-agent-1.10.14.jar:/home/ubuntu/.m2/repository/commons-collections/commons-collections/3.2.2/commons-collections-3.2.2.jar:/home/ubuntu/.m2/repository/org/apache/commons/commons-collections4/4.4/commons-collections4-4.4-tests.jar:/home/ubuntu/.m2/repository/org/apache/commons/commons-lang3/3.12.0/commons-lang3-3.12.0.jar:/home/ubuntu/.m2/repository/commons-beanutils/commons-beanutils/1.9.4/commons-beanutils-1.9.4.jar:/home/ubuntu/.m2/repository/commons-validator/commons-validator/1.7/commons-validator-1.7.jar:/home/ubuntu/.m2/repository/commons-digester/commons-digester/2.1/commons-digester-2.1.jar:/home/ubuntu/.m2/repository/commons-logging/commons-logging/1.2/commons-logging-1.2.jar:/home/ubuntu/.m2/repository/commons-io/commons-io/2.12.0/commons-io-2.12.0.jar:/home/ubuntu/.m2/repository/org/azeckoski/reflectutils/0.9.20/reflectutils-0.9.20.jar:/home/ubuntu/.m2/repository/org/apache/velocity/velocity/1.7/velocity-1.7.jar:/home/ubuntu/.m2/repository/commons-lang/commons-lang/2.4/commons-lang-2.4.jar:/home/ubuntu/.m2/repository/org/springframework/spring-core/5.3.23/spring-core-5.3.23.jar:/home/ubuntu/.m2/repository/org/springframework/spring-jcl/5.3.23/spring-jcl-5.3.23.jar:/home/ubuntu/.m2/repository/org/springframework/spring-beans/5.3.23/spring-beans-5.3.23.jar:/home/ubuntu/.m2/repository/org/springframework/spring-context/5.3.23/spring-context-5.3.23.jar:/home/ubuntu/.m2/repository/org/springframework/spring-expression/5.3.23/spring-expression-5.3.23.jar:/home/ubuntu/.m2/repository/org/springframework/spring-aop/5.3.23/spring-aop-5.3.23.jar:/home/ubuntu/.m2/repository/org/springframework/spring-orm/5.3.23/spring-orm-5.3.23.jar:/home/ubuntu/.m2/repository/org/springframework/spring-tx/5.3.23/spring-tx-5.3.23.jar:/home/ubuntu/.m2/repository/org/springframework/spring-jdbc/5.3.23/spring-jdbc-5.3.23.jar:/home/ubuntu/.m2/repository/org/springframework/spring-context-support/5.3.23/spring-context-support-5.3.23.jar:/home/ubuntu/.m2/repository/ca/uhn/hapi/hapi-base/2.1/hapi-base-2.1.jar:/home/ubuntu/.m2/repository/ca/uhn/hapi/hapi-structures-v23/2.1/hapi-structures-v23-2.1.jar:/home/ubuntu/.m2/repository/ca/uhn/hapi/hapi-structures-v24/2.1/hapi-structures-v24-2.1.jar:/home/ubuntu/.m2/repository/ca/uhn/hapi/hapi-structures-v25/2.1/hapi-structures-v25-2.1.jar:/home/ubuntu/.m2/repository/ca/uhn/hapi/hapi-structures-v26/2.1/hapi-structures-v26-2.1.jar:/home/ubuntu/.m2/repository/org/javassist/javassist/3.29.2-GA/javassist-3.29.2-GA.jar:/home/ubuntu/.m2/repository/org/hibernate/hibernate-core/5.6.15.Final/hibernate-core-5.6.15.Final.jar:/home/ubuntu/.m2/repository/org/jboss/logging/jboss-logging/3.4.3.Final/jboss-logging-3.4.3.Final.jar:/home/ubuntu/.m2/repository/javax/persistence/javax.persistence-api/2.2/javax.persistence-api-2.2.jar:/home/ubuntu/.m2/repository/antlr/antlr/2.7.7/antlr-2.7.7.jar:/home/ubuntu/.m2/repository/org/jboss/spec/javax/transaction/jboss-transaction-api_1.2_spec/1.1.1.Final/jboss-transaction-api_1.2_spec-1.1.1.Final.jar:/home/ubuntu/.m2/repository/org/jboss/jandex/2.4.2.Final/jandex-2.4.2.Final.jar:/home/ubuntu/.m2/repository/com/fasterxml/classmate/1.5.1/classmate-1.5.1.jar:/home/ubuntu/.m2/repository/javax/activation/javax.activation-api/1.2.0/javax.activation-api-1.2.0.jar:/home/ubuntu/.m2/repository/org/hibernate/common/hibernate-commons-annotations/5.1.2.Final/hibernate-commons-annotations-5.1.2.Final.jar:/home/ubuntu/.m2/repository/javax/xml/bind/jaxb-api/2.3.1/jaxb-api-2.3.1.jar:/home/ubuntu/.m2/repository/org/glassfish/jaxb/jaxb-runtime/2.3.1/jaxb-runtime-2.3.1.jar:/home/ubuntu/.m2/repository/org/glassfish/jaxb/txw2/2.3.1/txw2-2.3.1.jar:/home/ubuntu/.m2/repository/com/sun/istack/istack-commons-runtime/3.0.7/istack-commons-runtime-3.0.7.jar:/home/ubuntu/.m2/repository/org/jvnet/staxex/stax-ex/1.8/stax-ex-1.8.jar:/home/ubuntu/.m2/repository/com/sun/xml/fastinfoset/FastInfoset/1.2.15/FastInfoset-1.2.15.jar:/home/ubuntu/.m2/repository/org/hibernate/hibernate-c3p0/5.6.15.Final/hibernate-c3p0-5.6.15.Final.jar:/home/ubuntu/.m2/repository/com/mchange/c3p0/0.9.5.5/c3p0-0.9.5.5.jar:/home/ubuntu/.m2/repository/com/mchange/mchange-commons-java/0.2.19/mchange-commons-java-0.2.19.jar:/home/ubuntu/.m2/repository/org/hibernate/hibernate-ehcache/5.6.15.Final/hibernate-ehcache-5.6.15.Final.jar:/home/ubuntu/.m2/repository/org/hibernate/hibernate-search-orm/5.11.12.Final/hibernate-search-orm-5.11.12.Final.jar:/home/ubuntu/.m2/repository/org/hibernate/hibernate-search-engine/5.11.12.Final/hibernate-search-engine-5.11.12.Final.jar:/home/ubuntu/.m2/repository/org/apache/lucene/lucene-misc/5.5.5/lucene-misc-5.5.5.jar:/home/ubuntu/.m2/repository/org/apache/lucene/lucene-facet/5.5.5/lucene-facet-5.5.5.jar:/home/ubuntu/.m2/repository/org/apache/lucene/lucene-queryparser/5.5.5/lucene-queryparser-5.5.5.jar:/home/ubuntu/.m2/repository/org/apache/lucene/lucene-core/5.5.5/lucene-core-5.5.5.jar:/home/ubuntu/.m2/repository/org/apache/lucene/lucene-sandbox/5.5.5/lucene-sandbox-5.5.5.jar:/home/ubuntu/.m2/repository/org/apache/lucene/lucene-queries/5.5.5/lucene-queries-5.5.5.jar:/home/ubuntu/.m2/repository/org/apache/lucene/lucene-backward-codecs/5.5.5/lucene-backward-codecs-5.5.5.jar:/home/ubuntu/.m2/repository/org/apache/logging/log4j/log4j-core/2.20.0/log4j-core-2.20.0.jar:/home/ubuntu/.m2/repository/org/apache/logging/log4j/log4j-api/2.20.0/log4j-api-2.20.0.jar:/home/ubuntu/.m2/repository/org/apache/logging/log4j/log4j-slf4j-impl/2.20.0/log4j-slf4j-impl-2.20.0.jar:/home/ubuntu/.m2/repository/org/apache/logging/log4j/log4j-1.2-api/2.20.0/log4j-1.2-api-2.20.0.jar:/home/ubuntu/.m2/repository/org/slf4j/slf4j-api/1.7.36/slf4j-api-1.7.36.jar:/home/ubuntu/.m2/repository/com/thoughtworks/xstream/xstream/1.4.17/xstream-1.4.17.jar:/home/ubuntu/.m2/repository/io/github/x-stream/mxparser/1.2.1/mxparser-1.2.1.jar:/home/ubuntu/.m2/repository/xmlpull/xmlpull/1.1.3.1/xmlpull-1.1.3.1.jar:/home/ubuntu/.m2/repository/javax/mail/javax.mail-api/1.6.2/javax.mail-api-1.6.2.jar:/home/ubuntu/.m2/repository/org/liquibase/liquibase-core/4.4.3/liquibase-core-4.4.3.jar:/home/ubuntu/.m2/repository/org/reflections/reflections/0.10.2/reflections-0.10.2.jar:/home/ubuntu/.m2/repository/com/google/code/findbugs/jsr305/3.0.2/jsr305-3.0.2.jar:/home/ubuntu/.m2/repository/xerces/xercesImpl/2.12.2/xercesImpl-2.12.2.jar:/home/ubuntu/.m2/repository/xml-apis/xml-apis/1.4.01/xml-apis-1.4.01.jar:/home/ubuntu/.m2/repository/javax/validation/validation-api/2.0.1.Final/validation-api-2.0.1.Final.jar:/home/ubuntu/.m2/repository/org/hibernate/hibernate-validator/5.4.3.Final/hibernate-validator-5.4.3.Final.jar:/home/ubuntu/.m2/repository/mysql/mysql-connector-java/8.0.30/mysql-connector-java-8.0.30.jar:/home/ubuntu/.m2/repository/com/google/protobuf/protobuf-java/3.19.4/protobuf-java-3.19.4.jar:/home/ubuntu/.m2/repository/org/codehaus/jackson/jackson-core-asl/1.9.14-MULE-002/jackson-core-asl-1.9.14-MULE-002.jar:/home/ubuntu/.m2/repository/org/codehaus/jackson/jackson-mapper-asl/1.9.14-MULE-002/jackson-mapper-asl-1.9.14-MULE-002.jar:/home/ubuntu/.m2/repository/com/fasterxml/jackson/core/jackson-core/2.15.2/jackson-core-2.15.2.jar:/home/ubuntu/.m2/repository/com/fasterxml/jackson/core/jackson-annotations/2.15.2/jackson-annotations-2.15.2.jar:/home/ubuntu/.m2/repository/com/fasterxml/jackson/core/jackson-databind/2.15.2/jackson-databind-2.15.2.jar:/home/ubuntu/.m2/repository/com/fasterxml/jackson/datatype/jackson-datatype-jsr310/2.15.2/jackson-datatype-jsr310-2.15.2.jar:/home/ubuntu/.m2/repository/org/codehaus/groovy/groovy-all/2.4.21/groovy-all-2.4.21.jar:/home/ubuntu/.m2/repository/net/sf/ehcache/ehcache/2.10.10.4.43/ehcache-2.10.10.4.43.jar:/home/ubuntu/.m2/repository/org/aspectj/aspectjrt/1.9.19/aspectjrt-1.9.19.jar:/home/ubuntu/.m2/repository/org/aspectj/aspectjweaver/1.9.19/aspectjweaver-1.9.19.jar:/home/ubuntu/.m2/repository/joda-time/joda-time/2.12.5/joda-time-2.12.5.jar:/home/ubuntu/.m2/repository/javax/annotation/javax.annotation-api/1.3.2/javax.annotation-api-1.3.2.jar:/home/ubuntu/.m2/repository/com/sun/activation/javax.activation/1.2.0/javax.activation-1.2.0.jar:/home/ubuntu/.m2/repository/jakarta/xml/bind/jakarta.xml.bind-api/4.0.0/jakarta.xml.bind-api-4.0.0.jar:/home/ubuntu/.m2/repository/jakarta/activation/jakarta.activation-api/2.1.0/jakarta.activation-api-2.1.0.jar:/home/ubuntu/.m2/repository/org/apache/lucene/lucene-analyzers-phonetic/5.5.5/lucene-analyzers-phonetic-5.5.5.jar:/home/ubuntu/.m2/repository/org/apache/lucene/lucene-analyzers-common/5.5.5/lucene-analyzers-common-5.5.5.jar:/home/ubuntu/.m2/repository/commons-codec/commons-codec/1.10/commons-codec-1.10.jar:/home/ubuntu/.m2/repository/com/google/guava/guava/32.0.0-jre/guava-32.0.0-jre.jar:/home/ubuntu/.m2/repository/com/google/guava/failureaccess/1.0.1/failureaccess-1.0.1.jar:/home/ubuntu/.m2/repository/com/google/guava/listenablefuture/9999.0-empty-to-avoid-conflict-with-guava/listenablefuture-9999.0-empty-to-avoid-conflict-with-guava.jar:/home/ubuntu/.m2/repository/org/checkerframework/checker-qual/3.33.0/checker-qual-3.33.0.jar:/home/ubuntu/.m2/repository/com/google/errorprone/error_prone_annotations/2.18.0/error_prone_annotations-2.18.0.jar:/home/ubuntu/.m2/repository/com/google/j2objc/j2objc-annotations/2.8/j2objc-annotations-2.8.jar:/home/ubuntu/.m2/repository/com/sun/mail/javax.mail/1.6.2/javax.mail-1.6.2.jar:/home/ubuntu/.m2/repository/org/testcontainers/postgresql/1.18.3/postgresql-1.18.3.jar:/home/ubuntu/.m2/repository/org/testcontainers/jdbc/1.18.3/jdbc-1.18.3.jar:/home/ubuntu/.m2/repository/org/testcontainers/database-commons/1.18.3/database-commons-1.18.3.jar:/home/ubuntu/.m2/repository/org/testcontainers/testcontainers/1.18.3/testcontainers-1.18.3.jar:/home/ubuntu/.m2/repository/org/apache/commons/commons-compress/1.23.0/commons-compress-1.23.0.jar:/home/ubuntu/.m2/repository/org/rnorth/duct-tape/duct-tape/1.0.8/duct-tape-1.0.8.jar:/home/ubuntu/.m2/repository/org/jetbrains/annotations/17.0.0/annotations-17.0.0.jar:/home/ubuntu/.m2/repository/com/github/docker-java/docker-java-api/3.3.0/docker-java-api-3.3.0.jar:/home/ubuntu/.m2/repository/com/github/docker-java/docker-java-transport-zerodep/3.3.0/docker-java-transport-zerodep-3.3.0.jar:/home/ubuntu/.m2/repository/com/github/docker-java/docker-java-transport/3.3.0/docker-java-transport-3.3.0.jar:/home/ubuntu/.m2/repository/net/java/dev/jna/jna/5.12.1/jna-5.12.1.jar:/home/ubuntu/.m2/repository/org/testcontainers/mysql/1.18.3/mysql-1.18.3.jar:/home/ubuntu/.m2/repository/org/apache/maven/surefire/surefire-junit-platform/3.1.0-atlassian-2/surefire-junit-platform-3.1.0-atlassian-2.jar:/home/ubuntu/.m2/repository/org/apache/maven/surefire/common-java5/3.1.0-atlassian-2/common-java5-3.1.0-atlassian-2.jar:/home/ubuntu/.m2/repository/org/junit/platform/junit-platform-launcher/1.9.3/junit-platform-launcher-1.9.3.jar"/>
    <property name="java.vm.vendor" value="Ubuntu"/>
    <property name="sun.arch.data.model" value="64"/>
    <property name="sun.font.fontmanager" value="sun.awt.X11FontManager"/>
    <property name="java.vendor.url" value="https://ubuntu.com/"/>
    <property name="user.timezone" value="Etc/UTC"/>
    <property name="java.locale.providers" value="COMPAT"/>
    <property name="java.vm.specification.version" value="11"/>
    <property name="os.name" value="Linux"/>
    <property name="sun.java.launcher" value="SUN_STANDARD"/>
    <property name="sun.boot.library.path" value="/usr/lib/jvm/java-11-openjdk-amd64/lib"/>
    <property name="sun.java.command" value="org.apache.maven.surefire.booter.ForkedBooter /home/ubuntu/liontech-emr/liontech-emr-health-app-2/api/target/surefire 2023-06-21T15-44-42_998-jvmRun1 surefire-20230621154509263_1tmp surefire_0-20230621154509263_2tmp"/>
    <property name="jdk.debug" value="release"/>
    <property name="surefire.test.class.path" value="/home/ubuntu/liontech-emr/liontech-emr-health-app-2/api/target/test-classes:/home/ubuntu/liontech-emr/liontech-emr-health-app-2/api/target/classes:/home/ubuntu/.m2/repository/org/springframework/spring-test/5.3.23/spring-test-5.3.23.jar:/home/ubuntu/.m2/repository/com/h2database/h2/1.4.200/h2-1.4.200.jar:/home/ubuntu/.m2/repository/junit/junit/4.13.2/junit-4.13.2.jar:/home/ubuntu/.m2/repository/org/junit/jupiter/junit-jupiter-api/5.9.3/junit-jupiter-api-5.9.3.jar:/home/ubuntu/.m2/repository/org/opentest4j/opentest4j/1.2.0/opentest4j-1.2.0.jar:/home/ubuntu/.m2/repository/org/junit/platform/junit-platform-commons/1.9.3/junit-platform-commons-1.9.3.jar:/home/ubuntu/.m2/repository/org/apiguardian/apiguardian-api/1.1.2/apiguardian-api-1.1.2.jar:/home/ubuntu/.m2/repository/org/junit/jupiter/junit-jupiter-engine/5.9.3/junit-jupiter-engine-5.9.3.jar:/home/ubuntu/.m2/repository/org/junit/platform/junit-platform-engine/1.9.3/junit-platform-engine-1.9.3.jar:/home/ubuntu/.m2/repository/org/junit/vintage/junit-vintage-engine/5.9.3/junit-vintage-engine-5.9.3.jar:/home/ubuntu/.m2/repository/org/dbunit/dbunit/2.7.3/dbunit-2.7.3.jar:/home/ubuntu/.m2/repository/org/postgresql/postgresql/42.6.0/postgresql-42.6.0.jar:/home/ubuntu/.m2/repository/com/oracle/database/jdbc/ojdbc8/19.3.0.0/ojdbc8-19.3.0.0.jar:/home/ubuntu/.m2/repository/com/oracle/database/jdbc/ucp/19.3.0.0/ucp-19.3.0.0.jar:/home/ubuntu/.m2/repository/com/oracle/database/security/oraclepki/19.3.0.0/oraclepki-19.3.0.0.jar:/home/ubuntu/.m2/repository/com/oracle/database/security/osdt_cert/19.3.0.0/osdt_cert-19.3.0.0.jar:/home/ubuntu/.m2/repository/com/oracle/database/security/osdt_core/19.3.0.0/osdt_core-19.3.0.0.jar:/home/ubuntu/.m2/repository/com/oracle/database/ha/simplefan/19.3.0.0/simplefan-19.3.0.0.jar:/home/ubuntu/.m2/repository/com/oracle/database/ha/ons/19.3.0.0/ons-19.3.0.0.jar:/home/ubuntu/.m2/repository/org/mockito/mockito-core/3.12.4/mockito-core-3.12.4.jar:/home/ubuntu/.m2/repository/org/mockito/mockito-junit-jupiter/3.12.4/mockito-junit-jupiter-3.12.4.jar:/home/ubuntu/.m2/repository/org/hamcrest/hamcrest-core/2.2/hamcrest-core-2.2.jar:/home/ubuntu/.m2/repository/org/hamcrest/hamcrest/2.2/hamcrest-2.2.jar:/home/ubuntu/.m2/repository/org/powermock/powermock-reflect/2.0.9/powermock-reflect-2.0.9.jar:/home/ubuntu/.m2/repository/org/objenesis/objenesis/3.0.1/objenesis-3.0.1.jar:/home/ubuntu/.m2/repository/net/bytebuddy/byte-buddy/1.10.14/byte-buddy-1.10.14.jar:/home/ubuntu/.m2/repository/net/bytebuddy/byte-buddy-agent/1.10.14/byte-buddy-agent-1.10.14.jar:/home/ubuntu/.m2/repository/commons-collections/commons-collections/3.2.2/commons-collections-3.2.2.jar:/home/ubuntu/.m2/repository/org/apache/commons/commons-collections4/4.4/commons-collections4-4.4-tests.jar:/home/ubuntu/.m2/repository/org/apache/commons/commons-lang3/3.12.0/commons-lang3-3.12.0.jar:/home/ubuntu/.m2/repository/commons-beanutils/commons-beanutils/1.9.4/commons-beanutils-1.9.4.jar:/home/ubuntu/.m2/repository/commons-validator/commons-validator/1.7/commons-validator-1.7.jar:/home/ubuntu/.m2/repository/commons-digester/commons-digester/2.1/commons-digester-2.1.jar:/home/ubuntu/.m2/repository/commons-logging/commons-logging/1.2/commons-logging-1.2.jar:/home/ubuntu/.m2/repository/commons-io/commons-io/2.12.0/commons-io-2.12.0.jar:/home/ubuntu/.m2/repository/org/azeckoski/reflectutils/0.9.20/reflectutils-0.9.20.jar:/home/ubuntu/.m2/repository/org/apache/velocity/velocity/1.7/velocity-1.7.jar:/home/ubuntu/.m2/repository/commons-lang/commons-lang/2.4/commons-lang-2.4.jar:/home/ubuntu/.m2/repository/org/springframework/spring-core/5.3.23/spring-core-5.3.23.jar:/home/ubuntu/.m2/repository/org/springframework/spring-jcl/5.3.23/spring-jcl-5.3.23.jar:/home/ubuntu/.m2/repository/org/springframework/spring-beans/5.3.23/spring-beans-5.3.23.jar:/home/ubuntu/.m2/repository/org/springframework/spring-context/5.3.23/spring-context-5.3.23.jar:/home/ubuntu/.m2/repository/org/springframework/spring-expression/5.3.23/spring-expression-5.3.23.jar:/home/ubuntu/.m2/repository/org/springframework/spring-aop/5.3.23/spring-aop-5.3.23.jar:/home/ubuntu/.m2/repository/org/springframework/spring-orm/5.3.23/spring-orm-5.3.23.jar:/home/ubuntu/.m2/repository/org/springframework/spring-tx/5.3.23/spring-tx-5.3.23.jar:/home/ubuntu/.m2/repository/org/springframework/spring-jdbc/5.3.23/spring-jdbc-5.3.23.jar:/home/ubuntu/.m2/repository/org/springframework/spring-context-support/5.3.23/spring-context-support-5.3.23.jar:/home/ubuntu/.m2/repository/ca/uhn/hapi/hapi-base/2.1/hapi-base-2.1.jar:/home/ubuntu/.m2/repository/ca/uhn/hapi/hapi-structures-v23/2.1/hapi-structures-v23-2.1.jar:/home/ubuntu/.m2/repository/ca/uhn/hapi/hapi-structures-v24/2.1/hapi-structures-v24-2.1.jar:/home/ubuntu/.m2/repository/ca/uhn/hapi/hapi-structures-v25/2.1/hapi-structures-v25-2.1.jar:/home/ubuntu/.m2/repository/ca/uhn/hapi/hapi-structures-v26/2.1/hapi-structures-v26-2.1.jar:/home/ubuntu/.m2/repository/org/javassist/javassist/3.29.2-GA/javassist-3.29.2-GA.jar:/home/ubuntu/.m2/repository/org/hibernate/hibernate-core/5.6.15.Final/hibernate-core-5.6.15.Final.jar:/home/ubuntu/.m2/repository/org/jboss/logging/jboss-logging/3.4.3.Final/jboss-logging-3.4.3.Final.jar:/home/ubuntu/.m2/repository/javax/persistence/javax.persistence-api/2.2/javax.persistence-api-2.2.jar:/home/ubuntu/.m2/repository/antlr/antlr/2.7.7/antlr-2.7.7.jar:/home/ubuntu/.m2/repository/org/jboss/spec/javax/transaction/jboss-transaction-api_1.2_spec/1.1.1.Final/jboss-transaction-api_1.2_spec-1.1.1.Final.jar:/home/ubuntu/.m2/repository/org/jboss/jandex/2.4.2.Final/jandex-2.4.2.Final.jar:/home/ubuntu/.m2/repository/com/fasterxml/classmate/1.5.1/classmate-1.5.1.jar:/home/ubuntu/.m2/repository/javax/activation/javax.activation-api/1.2.0/javax.activation-api-1.2.0.jar:/home/ubuntu/.m2/repository/org/hibernate/common/hibernate-commons-annotations/5.1.2.Final/hibernate-commons-annotations-5.1.2.Final.jar:/home/ubuntu/.m2/repository/javax/xml/bind/jaxb-api/2.3.1/jaxb-api-2.3.1.jar:/home/ubuntu/.m2/repository/org/glassfish/jaxb/jaxb-runtime/2.3.1/jaxb-runtime-2.3.1.jar:/home/ubuntu/.m2/repository/org/glassfish/jaxb/txw2/2.3.1/txw2-2.3.1.jar:/home/ubuntu/.m2/repository/com/sun/istack/istack-commons-runtime/3.0.7/istack-commons-runtime-3.0.7.jar:/home/ubuntu/.m2/repository/org/jvnet/staxex/stax-ex/1.8/stax-ex-1.8.jar:/home/ubuntu/.m2/repository/com/sun/xml/fastinfoset/FastInfoset/1.2.15/FastInfoset-1.2.15.jar:/home/ubuntu/.m2/repository/org/hibernate/hibernate-c3p0/5.6.15.Final/hibernate-c3p0-5.6.15.Final.jar:/home/ubuntu/.m2/repository/com/mchange/c3p0/0.9.5.5/c3p0-0.9.5.5.jar:/home/ubuntu/.m2/repository/com/mchange/mchange-commons-java/0.2.19/mchange-commons-java-0.2.19.jar:/home/ubuntu/.m2/repository/org/hibernate/hibernate-ehcache/5.6.15.Final/hibernate-ehcache-5.6.15.Final.jar:/home/ubuntu/.m2/repository/org/hibernate/hibernate-search-orm/5.11.12.Final/hibernate-search-orm-5.11.12.Final.jar:/home/ubuntu/.m2/repository/org/hibernate/hibernate-search-engine/5.11.12.Final/hibernate-search-engine-5.11.12.Final.jar:/home/ubuntu/.m2/repository/org/apache/lucene/lucene-misc/5.5.5/lucene-misc-5.5.5.jar:/home/ubuntu/.m2/repository/org/apache/lucene/lucene-facet/5.5.5/lucene-facet-5.5.5.jar:/home/ubuntu/.m2/repository/org/apache/lucene/lucene-queryparser/5.5.5/lucene-queryparser-5.5.5.jar:/home/ubuntu/.m2/repository/org/apache/lucene/lucene-core/5.5.5/lucene-core-5.5.5.jar:/home/ubuntu/.m2/repository/org/apache/lucene/lucene-sandbox/5.5.5/lucene-sandbox-5.5.5.jar:/home/ubuntu/.m2/repository/org/apache/lucene/lucene-queries/5.5.5/lucene-queries-5.5.5.jar:/home/ubuntu/.m2/repository/org/apache/lucene/lucene-backward-codecs/5.5.5/lucene-backward-codecs-5.5.5.jar:/home/ubuntu/.m2/repository/org/apache/logging/log4j/log4j-core/2.20.0/log4j-core-2.20.0.jar:/home/ubuntu/.m2/repository/org/apache/logging/log4j/log4j-api/2.20.0/log4j-api-2.20.0.jar:/home/ubuntu/.m2/repository/org/apache/logging/log4j/log4j-slf4j-impl/2.20.0/log4j-slf4j-impl-2.20.0.jar:/home/ubuntu/.m2/repository/org/apache/logging/log4j/log4j-1.2-api/2.20.0/log4j-1.2-api-2.20.0.jar:/home/ubuntu/.m2/repository/org/slf4j/slf4j-api/1.7.36/slf4j-api-1.7.36.jar:/home/ubuntu/.m2/repository/com/thoughtworks/xstream/xstream/1.4.17/xstream-1.4.17.jar:/home/ubuntu/.m2/repository/io/github/x-stream/mxparser/1.2.1/mxparser-1.2.1.jar:/home/ubuntu/.m2/repository/xmlpull/xmlpull/1.1.3.1/xmlpull-1.1.3.1.jar:/home/ubuntu/.m2/repository/javax/mail/javax.mail-api/1.6.2/javax.mail-api-1.6.2.jar:/home/ubuntu/.m2/repository/org/liquibase/liquibase-core/4.4.3/liquibase-core-4.4.3.jar:/home/ubuntu/.m2/repository/org/reflections/reflections/0.10.2/reflections-0.10.2.jar:/home/ubuntu/.m2/repository/com/google/code/findbugs/jsr305/3.0.2/jsr305-3.0.2.jar:/home/ubuntu/.m2/repository/xerces/xercesImpl/2.12.2/xercesImpl-2.12.2.jar:/home/ubuntu/.m2/repository/xml-apis/xml-apis/1.4.01/xml-apis-1.4.01.jar:/home/ubuntu/.m2/repository/javax/validation/validation-api/2.0.1.Final/validation-api-2.0.1.Final.jar:/home/ubuntu/.m2/repository/org/hibernate/hibernate-validator/5.4.3.Final/hibernate-validator-5.4.3.Final.jar:/home/ubuntu/.m2/repository/mysql/mysql-connector-java/8.0.30/mysql-connector-java-8.0.30.jar:/home/ubuntu/.m2/repository/com/google/protobuf/protobuf-java/3.19.4/protobuf-java-3.19.4.jar:/home/ubuntu/.m2/repository/org/codehaus/jackson/jackson-core-asl/1.9.14-MULE-002/jackson-core-asl-1.9.14-MULE-002.jar:/home/ubuntu/.m2/repository/org/codehaus/jackson/jackson-mapper-asl/1.9.14-MULE-002/jackson-mapper-asl-1.9.14-MULE-002.jar:/home/ubuntu/.m2/repository/com/fasterxml/jackson/core/jackson-core/2.15.2/jackson-core-2.15.2.jar:/home/ubuntu/.m2/repository/com/fasterxml/jackson/core/jackson-annotations/2.15.2/jackson-annotations-2.15.2.jar:/home/ubuntu/.m2/repository/com/fasterxml/jackson/core/jackson-databind/2.15.2/jackson-databind-2.15.2.jar:/home/ubuntu/.m2/repository/com/fasterxml/jackson/datatype/jackson-datatype-jsr310/2.15.2/jackson-datatype-jsr310-2.15.2.jar:/home/ubuntu/.m2/repository/org/codehaus/groovy/groovy-all/2.4.21/groovy-all-2.4.21.jar:/home/ubuntu/.m2/repository/net/sf/ehcache/ehcache/2.10.10.4.43/ehcache-2.10.10.4.43.jar:/home/ubuntu/.m2/repository/org/aspectj/aspectjrt/1.9.19/aspectjrt-1.9.19.jar:/home/ubuntu/.m2/repository/org/aspectj/aspectjweaver/1.9.19/aspectjweaver-1.9.19.jar:/home/ubuntu/.m2/repository/joda-time/joda-time/2.12.5/joda-time-2.12.5.jar:/home/ubuntu/.m2/repository/javax/annotation/javax.annotation-api/1.3.2/javax.annotation-api-1.3.2.jar:/home/ubuntu/.m2/repository/com/sun/activation/javax.activation/1.2.0/javax.activation-1.2.0.jar:/home/ubuntu/.m2/repository/jakarta/xml/bind/jakarta.xml.bind-api/4.0.0/jakarta.xml.bind-api-4.0.0.jar:/home/ubuntu/.m2/repository/jakarta/activation/jakarta.activation-api/2.1.0/jakarta.activation-api-2.1.0.jar:/home/ubuntu/.m2/repository/org/apache/lucene/lucene-analyzers-phonetic/5.5.5/lucene-analyzers-phonetic-5.5.5.jar:/home/ubuntu/.m2/repository/org/apache/lucene/lucene-analyzers-common/5.5.5/lucene-analyzers-common-5.5.5.jar:/home/ubuntu/.m2/repository/commons-codec/commons-codec/1.10/commons-codec-1.10.jar:/home/ubuntu/.m2/repository/com/google/guava/guava/32.0.0-jre/guava-32.0.0-jre.jar:/home/ubuntu/.m2/repository/com/google/guava/failureaccess/1.0.1/failureaccess-1.0.1.jar:/home/ubuntu/.m2/repository/com/google/guava/listenablefuture/9999.0-empty-to-avoid-conflict-with-guava/listenablefuture-9999.0-empty-to-avoid-conflict-with-guava.jar:/home/ubuntu/.m2/repository/org/checkerframework/checker-qual/3.33.0/checker-qual-3.33.0.jar:/home/ubuntu/.m2/repository/com/google/errorprone/error_prone_annotations/2.18.0/error_prone_annotations-2.18.0.jar:/home/ubuntu/.m2/repository/com/google/j2objc/j2objc-annotations/2.8/j2objc-annotations-2.8.jar:/home/ubuntu/.m2/repository/com/sun/mail/javax.mail/1.6.2/javax.mail-1.6.2.jar:/home/ubuntu/.m2/repository/org/testcontainers/postgresql/1.18.3/postgresql-1.18.3.jar:/home/ubuntu/.m2/repository/org/testcontainers/jdbc/1.18.3/jdbc-1.18.3.jar:/home/ubuntu/.m2/repository/org/testcontainers/database-commons/1.18.3/database-commons-1.18.3.jar:/home/ubuntu/.m2/repository/org/testcontainers/testcontainers/1.18.3/testcontainers-1.18.3.jar:/home/ubuntu/.m2/repository/org/apache/commons/commons-compress/1.23.0/commons-compress-1.23.0.jar:/home/ubuntu/.m2/repository/org/rnorth/duct-tape/duct-tape/1.0.8/duct-tape-1.0.8.jar:/home/ubuntu/.m2/repository/org/jetbrains/annotations/17.0.0/annotations-17.0.0.jar:/home/ubuntu/.m2/repository/com/github/docker-java/docker-java-api/3.3.0/docker-java-api-3.3.0.jar:/home/ubuntu/.m2/repository/com/github/docker-java/docker-java-transport-zerodep/3.3.0/docker-java-transport-zerodep-3.3.0.jar:/home/ubuntu/.m2/repository/com/github/docker-java/docker-java-transport/3.3.0/docker-java-transport-3.3.0.jar:/home/ubuntu/.m2/repository/net/java/dev/jna/jna/5.12.1/jna-5.12.1.jar:/home/ubuntu/.m2/repository/org/testcontainers/mysql/1.18.3/mysql-1.18.3.jar:"/>
    <property name="sun.cpu.endian" value="little"/>
    <property name="user.home" value="/home/ubuntu"/>
    <property name="user.language" value="en"/>
    <property name="java.specification.vendor" value="Oracle Corporation"/>
    <property name="java.version.date" value="2023-04-18"/>
    <property name="java.home" value="/usr/lib/jvm/java-11-openjdk-amd64"/>
    <property name="file.separator" value="/"/>
    <property name="basedir" value="/home/ubuntu/liontech-emr/liontech-emr-health-app-2/api"/>
    <property name="java.vm.compressedOopsMode" value="32-bit"/>
    <property name="line.separator" value="&#10;"/>
    <property name="java.specification.name" value="Java Platform API Specification"/>
    <property name="java.vm.specification.vendor" value="Oracle Corporation"/>
    <property name="java.awt.graphicsenv" value="sun.awt.X11GraphicsEnvironment"/>
    <property name="sun.management.compiler" value="HotSpot 64-Bit Tiered Compilers"/>
    <property name="java.runtime.version" value="11.0.19+7-post-Ubuntu-0ubuntu122.04.1"/>
    <property name="user.name" value="ubuntu"/>
    <property name="path.separator" value=":"/>
    <property name="os.version" value="5.19.0-1026-aws"/>
    <property name="java.runtime.name" value="OpenJDK Runtime Environment"/>
    <property name="file.encoding" value="UTF-8"/>
    <property name="OPENMRS_APPLICATION_DATA_DIRECTORY" value="/tmp/appdir-for-unit-tests-10105467570232727434"/>
    <property name="java.vm.name" value="OpenJDK 64-Bit Server VM"/>
    <property name="localRepository" value="/home/ubuntu/.m2/repository"/>
    <property name="java.vendor.url.bug" value="https://bugs.launchpad.net/ubuntu/+source/openjdk-lts"/>
    <property name="java.io.tmpdir" value="/tmp"/>
    <property name="java.version" value="11.0.19"/>
    <property name="user.dir" value="/home/ubuntu/liontech-emr/liontech-emr-health-app-2/api"/>
    <property name="os.arch" value="amd64"/>
    <property name="java.vm.specification.name" value="Java Virtual Machine Specification"/>
    <property name="java.awt.printerjob" value="sun.print.PSPrinterJob"/>
    <property name="sun.os.patch.level" value="unknown"/>
    <property name="java.library.path" value="/usr/java/packages/lib:/usr/lib/x86_64-linux-gnu/jni:/lib/x86_64-linux-gnu:/usr/lib/x86_64-linux-gnu:/usr/lib/jni:/lib:/usr/lib"/>
    <property name="java.vm.info" value="mixed mode, sharing"/>
    <property name="java.vendor" value="Ubuntu"/>
    <property name="java.vm.version" value="11.0.19+7-post-Ubuntu-0ubuntu122.04.1"/>
    <property name="sun.io.unicode.encoding" value="UnicodeLittle"/>
    <property name="java.class.version" value="55.0"/>
    <property name="log4j2.disable.jmx" value="true"/>
  </properties>
  <testcase name="getEncounters_shouldIncludeVoidedEncounters" classname="org.openmrs.api.EncounterServiceTest" time="0.195"/>
  <testcase name="findEncounterTypes_shouldNotPartialMatchNameOnInternalSubstrings" classname="org.openmrs.api.EncounterServiceTest" time="0.189"/>
  <testcase name="unretireEncounterRole_shouldUnretireTypeAndUnmarkAttributes" classname="org.openmrs.api.EncounterServiceTest" time="0.192"/>
  <testcase name="getCountOfEncounters_shouldGetTheCorrectCountOfUniqueEncounters" classname="org.openmrs.api.EncounterServiceTest" time="0.226"/>
  <testcase name="canViewEncounter_shouldFailfIfEncounterIsNull" classname="org.openmrs.api.EncounterServiceTest" time="0.181"/>
  <testcase name="getEncounters_shouldMatchOnTheProviderName" classname="org.openmrs.api.EncounterServiceTest" time="0.191"/>
  <testcase name="getEncountersByPatientId_shouldNotGetVoidedEncounters" classname="org.openmrs.api.EncounterServiceTest" time="0.18"/>
  <testcase name="saveEncounter_shouldCascadeSaveToContainedObs" classname="org.openmrs.api.EncounterServiceTest" time="0.192"/>
  <testcase name="saveEncounterType_shouldNotOverwriteCreator" classname="org.openmrs.api.EncounterServiceTest" time="0.189"/>
  <testcase name="getEncounters_shouldExcludeVoidedEncounters" classname="org.openmrs.api.EncounterServiceTest" time="0.188"/>
  <testcase name="saveEncounter_shouldSaveEncounterWithBasicDetails" classname="org.openmrs.api.EncounterServiceTest" time="0.19"/>
  <testcase name="getEncounters_shouldMatchOnTheLocationName" classname="org.openmrs.api.EncounterServiceTest" time="0.201"/>
  <testcase name="saveEncounter_shouldCascadeUpdateTheObsdatetimesToAllObs" classname="org.openmrs.api.EncounterServiceTest" time="0.195"/>
  <testcase name="saveEncounter_shouldCascadeDeleteEncounterProviders" classname="org.openmrs.api.EncounterServiceTest" time="0.211"/>
  <testcase name="getEncounters_shouldMatchOnTheEncounterTypeName" classname="org.openmrs.api.EncounterServiceTest" time="0.187"/>
  <testcase name="voidEncounter_shouldUnsetDateStoppedOfAPreviousOrderIfTheVoidedEncounterHasDiscontinueOrders" classname="org.openmrs.api.EncounterServiceTest" time="0.221"/>
  <testcase name="saveEncounter_shouldSaveEncounterWithComplexObs" classname="org.openmrs.api.EncounterServiceTest" time="0.263"/>
  <testcase name="saveEncounterType_shouldSaveEncounterType" classname="org.openmrs.api.EncounterServiceTest" time="0.182"/>
  <testcase name="shouldSaveOrderGroupAlongWithOrders" classname="org.openmrs.api.EncounterServiceTest" time="0.253"/>
  <testcase name="saveEncounterType_shouldNotOverwriteCreatorOrDateCreated" classname="org.openmrs.api.EncounterServiceTest" time="0.188"/>
  <testcase name="getEncountersByPatientId_shouldThrowErrorIfGivenANullParameter" classname="org.openmrs.api.EncounterServiceTest" time="0.179"/>
  <testcase name="voidEncounter_shouldVoidEncounterAndSetAttributes" classname="org.openmrs.api.EncounterServiceTest" time="0.205"/>
  <testcase name="getEncountersByPatient_shouldGetAllUnvoidedEncountersForTheGivenPatientName" classname="org.openmrs.api.EncounterServiceTest" time="0.192"/>
  <testcase name="getEncountersNotAssignedToAnyVisit_shouldReturnTheUnvoidedEncountersNotAssignedToAnyVisit" classname="org.openmrs.api.EncounterServiceTest" time="0.219"/>
  <testcase name="purgeEncounter_shouldPurgeEncounter" classname="org.openmrs.api.EncounterServiceTest" time="0.184"/>
  <testcase name="getEncounterType_shouldReturnNullWithNullNameParameter" classname="org.openmrs.api.EncounterServiceTest" time="0.179"/>
  <testcase name="getEncounters_shouldFetchEncountersByPatientId" classname="org.openmrs.api.EncounterServiceTest" time="0.184"/>
  <testcase name="filterEncountersByViewPermissions_shouldFilterEncountersIfUserIsNotAllowedToSeeSomeEncounters" classname="org.openmrs.api.EncounterServiceTest" time="0.198"/>
  <testcase name="getEncountersByPatient_shouldNotGetVoidedEncounters" classname="org.openmrs.api.EncounterServiceTest" time="0.181"/>
  <testcase name="saveEncounter_shouldAssignEncounterToVisitIfTheAssignToExistingHandlerIsRegistered" classname="org.openmrs.api.EncounterServiceTest" time="0.188"/>
  <testcase name="getActiveEncounterVisitHandler_shouldThrowIfBeanWithGivenTypeAndNameNotFound" classname="org.openmrs.api.EncounterServiceTest" time="0.185"/>
  <testcase name="getEncounter_shouldThrowErrorIfGivenNullParameter" classname="org.openmrs.api.EncounterServiceTest" time="0.177"/>
  <testcase name="getVisitAssignmentHandlers_shouldReturnTheExistingOrNewVisitAssignmentHandler" classname="org.openmrs.api.EncounterServiceTest" time="0.18"/>
  <testcase name="saveEncounter_shouldNotCascadeLocationChangeForDifferentInitialLocations" classname="org.openmrs.api.EncounterServiceTest" time="0.187"/>
  <testcase name="getEncounterTypeByUuid_shouldReturnNullIfNoObjectFoundWithGivenUuid" classname="org.openmrs.api.EncounterServiceTest" time="0.185"/>
  <testcase name="saveEncounter_shouldOnlyCascadeTheObsdatetimesToObsWithDifferentInitialObsdatetimes" classname="org.openmrs.api.EncounterServiceTest" time="0.198"/>
  <testcase name="getEncounters_shouldMatchOnTheProviderPersonName" classname="org.openmrs.api.EncounterServiceTest" time="0.195"/>
  <testcase name="unvoidEncounter_shouldCascadeUnvoidToOrders" classname="org.openmrs.api.EncounterServiceTest" time="0.196"/>
  <testcase name="saveEncounter_shouldNotOverwriteCreatorIfNonNull" classname="org.openmrs.api.EncounterServiceTest" time="0.189"/>
  <testcase name="getEncounterRoleByUuid_shouldFindEncounterRoleBasedOnUuid" classname="org.openmrs.api.EncounterServiceTest" time="0.179"/>
  <testcase name="getEncounters_shouldMatchOnTheFormName" classname="org.openmrs.api.EncounterServiceTest" time="0.191"/>
  <testcase name="shouldSaveMultipleOrderGroupsIfDifferentOrdersHaveDifferentOrderGroups" classname="org.openmrs.api.EncounterServiceTest" time="0.254"/>
  <testcase name="getAllEncounters_shouldGetAllEncountersForACohortOfPatients" classname="org.openmrs.api.EncounterServiceTest" time="0.184"/>
  <testcase name="getEncounters_shouldGetEncountersModifiedAfterSpecifiedDate" classname="org.openmrs.api.EncounterServiceTest" time="0.194"/>
  <testcase name="saveEncounter_shouldCascadeSaveEncounterProviders" classname="org.openmrs.api.EncounterServiceTest" time="0.189"/>
  <testcase name="getEncounterTypeByUuid_shouldFindObjectGivenValidUuid" classname="org.openmrs.api.EncounterServiceTest" time="0.182"/>
  <testcase name="filterEncountersByViewPermissions_shouldNotFilterAllEncountersWhenTheEncounterTypesViewPrivilegeColumnIsNull" classname="org.openmrs.api.EncounterServiceTest" time="0.192"/>
  <testcase name="saveEncounter_shouldNotOverwriteObsAndOrdersCreatorOrDateCreated" classname="org.openmrs.api.EncounterServiceTest" time="0.185"/>
  <testcase name="voidEncounter_shouldThrowErrorWithNullReasonParameter" classname="org.openmrs.api.EncounterServiceTest" time="0.191"/>
  <testcase name="canViewEncounter_shouldReturnFalseIfUserCanNotViewEncounter" classname="org.openmrs.api.EncounterServiceTest" time="0.191"/>
  <testcase name="getEncountersByPatientIdentifier_shouldThrowErrorIfGivenNullParameter" classname="org.openmrs.api.EncounterServiceTest" time="0.183"/>
  <testcase name="retireEncounterType_shouldThrowErrorWhenTryingToRetireEncounterTypeWhenEncounterTypesAreLocked" classname="org.openmrs.api.EncounterServiceTest" time="0.187"/>
  <testcase name="saveEncounter_shouldUpdateExistingEncounterWhenNewObsIsAddedToParentObs" classname="org.openmrs.api.EncounterServiceTest" time="0.256"/>
  <testcase name="saveEncounter_shouldFailfIfUserIsNotSupposedToEditEncountersOfTypeOfGivenEncounter" classname="org.openmrs.api.EncounterServiceTest" time="0.197"/>
  <testcase name="voidEncounter_shouldCascadeToObs" classname="org.openmrs.api.EncounterServiceTest" time="0.194"/>
  <testcase name="getEncountersByPatient_shouldThrowErrorIfGivenNullParameter" classname="org.openmrs.api.EncounterServiceTest" time="0.18"/>
  <testcase name="unvoidEncounter_shouldCascadeUnvoidToObs" classname="org.openmrs.api.EncounterServiceTest" time="0.201"/>
  <testcase name="canEditEncounter_shouldReturnTrueIfUserCanEditEncounter" classname="org.openmrs.api.EncounterServiceTest" time="0.199"/>
  <testcase name="saveEncounter_shouldCascadeEncounterDatetimeToObs" classname="org.openmrs.api.EncounterServiceTest" time="0.191"/>
  <testcase name="saveEncounter_shouldCascadePatientToOrdersInTheEncounter" classname="org.openmrs.api.EncounterServiceTest" time="0.197"/>
  <testcase name="getEncountersByPatient_shouldIncludeVoidedEncountersInTheReturnedListIfIncludedVoidedIsTrue" classname="org.openmrs.api.EncounterServiceTest" time="0.186"/>
  <testcase name="saveEncounter_shouldUpdateValueOfLeafObsAndNotDuplicateAtEncounterLevel" classname="org.openmrs.api.EncounterServiceTest" time="0.248"/>
  <testcase name="saveEncounter_shouldSetDateStoppedOnTheOriginalAfterAddingReviseOrder" classname="org.openmrs.api.EncounterServiceTest" time="0.21"/>
  <testcase name="transferEncounter_shouldVoidGivenEncounterVisitIfGivenEncounterIsTheOnlyEncounter" classname="org.openmrs.api.EncounterServiceTest" time="0.274"/>
  <testcase name="getEncounterType_shouldNotGetRetiredTypes" classname="org.openmrs.api.EncounterServiceTest" time="0.181"/>
  <testcase name="getEncounterRolesByName_shouldFindEncounterRolesByName" classname="org.openmrs.api.EncounterServiceTest" time="0.186"/>
  <testcase name="getAllEncounterRoles_shouldGetAllEncounterRolesBasedOnIncludeRetiredFlag" classname="org.openmrs.api.EncounterServiceTest" time="0.185"/>
  <testcase name="saveEncounter_shouldNotCascadeToExistingOrder" classname="org.openmrs.api.EncounterServiceTest" time="0.194"/>
  <testcase name="purgeEncounterCascade_shouldFailfIfUserIsNotSupposedToEditEncountersOfTypeOfGivenEncounter" classname="org.openmrs.api.EncounterServiceTest" time="0.204"/>
  <testcase name="purgeEncounterType_shouldThrowErrorWhenTryingToDeleteEncounterTypeWhenEncounterTypesAreLocked" classname="org.openmrs.api.EncounterServiceTest" time="0.18"/>
  <testcase name="findEncounterTypes_shouldIncludeRetiredTypesInTheResults" classname="org.openmrs.api.EncounterServiceTest" time="0.182"/>
  <testcase name="canViewEncounter_shouldReturnTrueIfUserCanViewEncounter" classname="org.openmrs.api.EncounterServiceTest" time="0.198"/>
  <testcase name="getEncounterRoleByName_shouldFindEncounterRoleByName" classname="org.openmrs.api.EncounterServiceTest" time="0.18"/>
  <testcase name="saveEncounter_shouldCascadeSaveToContainedConditions" classname="org.openmrs.api.EncounterServiceTest" time="0.198"/>
  <testcase name="retireEncounterType_shouldThrowErrorIfGivenNullReasonParameter" classname="org.openmrs.api.EncounterServiceTest" time="0.178"/>
  <testcase name="unvoidEncounter_shouldCascadeUnvoidToDiagnoses" classname="org.openmrs.api.EncounterServiceTest" time="0.195"/>
  <testcase name="saveEncounter_shouldAssignEncounterToVisitIfTheAssignToExistingOrNewHandlerIsRegistered" classname="org.openmrs.api.EncounterServiceTest" time="0.188"/>
  <testcase name="unvoidEncounter_shouldUnvoidAndUnmarkAllAttributes" classname="org.openmrs.api.EncounterServiceTest" time="0.189"/>
  <testcase name="saveEncounterType_shouldThrowErrorWhenTryingToSaveEncounterTypeWhenEncounterTypesAreLocked" classname="org.openmrs.api.EncounterServiceTest" time="0.182"/>
  <testcase name="saveEncounter_shouldUpdateEncounterSuccessfully" classname="org.openmrs.api.EncounterServiceTest" time="0.198"/>
  <testcase name="getVisitAssignmentHandlers_shouldReturnTheNoAssignmentHandler" classname="org.openmrs.api.EncounterServiceTest" time="0.178"/>
  <testcase name="getEncounters_shouldGetEncountersByVisitType" classname="org.openmrs.api.EncounterServiceTest" time="0.193"/>
  <testcase name="getEncounters_shouldGetEncountersByVisit" classname="org.openmrs.api.EncounterServiceTest" time="0.181"/>
  <testcase name="saveEncounterType_shouldSetAuditInfoIfAnyItemInEncounterTypeIsEdited" classname="org.openmrs.api.EncounterServiceTest" time="0.184"/>
  <testcase name="getEncounters_shouldGetEncountersByForm" classname="org.openmrs.api.EncounterServiceTest" time="0.188"/>
  <testcase name="getEncounters_shouldGetEncountersByType" classname="org.openmrs.api.EncounterServiceTest" time="0.182"/>
  <testcase name="getVisitAssignmentHandlers_shouldReturnTheExistingVisitOnlyAssignmentHandler" classname="org.openmrs.api.EncounterServiceTest" time="0.182"/>
  <testcase name="getEncounters_shouldGetEncountersOnOrAfterDate" classname="org.openmrs.api.EncounterServiceTest" time="0.187"/>
  <testcase name="retireEncounterRole_shouldRetireTypeAndSetAttributes" classname="org.openmrs.api.EncounterServiceTest" time="0.183"/>
  <testcase name="getEncounter_shouldReturnEncounterIfUserIsAllowedToViewIt" classname="org.openmrs.api.EncounterServiceTest" time="0.198"/>
  <testcase name="saveEncounter_shouldCascadeSaveToContainedAllergies" classname="org.openmrs.api.EncounterServiceTest" time="0.192"/>
  <testcase name="getEncounters_shouldGetAllTheUniqueEncountersThatMatchTheSpecifiedParameterValues" classname="org.openmrs.api.EncounterServiceTest" time="0">
    <skipped message="public void org.openmrs.api.EncounterServiceTest.getEncounters_shouldGetAllTheUniqueEncountersThatMatchTheSpecifiedParameterValues() is @Disabled"/>
  </testcase>
  <testcase name="unretireEncounterType_shouldThrowErrorWhenTryingToUnretireEncounterTypeWhenEncounterTypesAreLocked" classname="org.openmrs.api.EncounterServiceTest" time="0.185"/>
  <testcase name="getEncounter_shouldFailIfUserIsNotAllowedToViewEncounterByGivenId" classname="org.openmrs.api.EncounterServiceTest" time="0.194"/>
  <testcase name="getEncounterByUuid_shouldFindObjectGivenValidUuid" classname="org.openmrs.api.EncounterServiceTest" time="0.183"/>
  <testcase name="getEncounterType_shouldNotGetByInexactName" classname="org.openmrs.api.EncounterServiceTest" time="0.18"/>
  <testcase name="findEncounterTypes_shouldReturnTypesByPartialCaseInsensitiveMatch" classname="org.openmrs.api.EncounterServiceTest" time="0.176"/>
  <testcase name="getEncountersByPatient_shouldGetAllUnvoidedEncountersForTheGivenPatientIdentifier" classname="org.openmrs.api.EncounterServiceTest" time="0.19"/>
  <testcase name="getEncountersByPatient_shouldThrowErrorWhenGivenNullParameter" classname="org.openmrs.api.EncounterServiceTest" time="0.181"/>
  <testcase name="canEditEncounter_shouldReturnFalseIfUserCanNotEditEncounter" classname="org.openmrs.api.EncounterServiceTest" time="0.19"/>
  <testcase name="transferEncounter_shouldVoidGivenEncounter" classname="org.openmrs.api.EncounterServiceTest" time="0.261"/>
  <testcase name="saveEncounter_shouldNotAssignEncounterToVisitIfNoHandlerIsRegistered" classname="org.openmrs.api.EncounterServiceTest" time="0.185"/>
  <testcase name="getEncounters_shouldNotReturnVoidedEncountersIfIncludeVoidedIsSetToTrue" classname="org.openmrs.api.EncounterServiceTest" time="0">
    <skipped message="public void org.openmrs.api.EncounterServiceTest.getEncounters_shouldNotReturnVoidedEncountersIfIncludeVoidedIsSetToTrue() is @Disabled"/>
  </testcase>
  <testcase name="getEncounters_shouldGetEncountersOnOrUpToADate" classname="org.openmrs.api.EncounterServiceTest" time="0.183"/>
  <testcase name="purgeEncounter_shouldCascadePurgeToObsAndOrders" classname="org.openmrs.api.EncounterServiceTest" time="0.187"/>
  <testcase name="saveEncounter_shouldVoidAndCreateNewObsWhenSavingEncounter" classname="org.openmrs.api.EncounterServiceTest" time="0.184"/>
  <testcase name="saveEncounter_shouldCascadeSaveToContainedObsWhenEncounterAlreadyExists" classname="org.openmrs.api.EncounterServiceTest" time="0.192"/>
  <testcase name="getEncounters_shouldShouldMatchOnProviderIdentifier" classname="org.openmrs.api.EncounterServiceTest" time="0.194"/>
  <testcase name="getEncounterByUuid_shouldReturnNullIfNoObjectFoundWithGivenUuid" classname="org.openmrs.api.EncounterServiceTest" time="0.181"/>
  <testcase name="findEncounterTypes_shouldReturnTypesOrderedOnNameAndNonretiredFirst" classname="org.openmrs.api.EncounterServiceTest" time="0.183"/>
  <testcase name="findEncounterTypes_shouldReturnTypesByPartialNameMatch" classname="org.openmrs.api.EncounterServiceTest" time="0.182"/>
  <testcase name="saveEncounter_shouldNotOverwriteDateCreatedIfNonNull" classname="org.openmrs.api.EncounterServiceTest" time="0.184"/>
  <testcase name="canViewAllEncounterTypes_shouldReturnTrueWhenTheEncounterTypesEditPrivilegeColumnIsNull" classname="org.openmrs.api.EncounterServiceTest" time="0.189"/>
  <testcase name="saveEncounter_shouldNotAssignEncounterToVisitIfTheNoAssignHandlerIsRegistered" classname="org.openmrs.api.EncounterServiceTest" time="0.18"/>
  <testcase name="getEncounters_shouldGetEncountersByLocation" classname="org.openmrs.api.EncounterServiceTest" time="0.184"/>
  <testcase name="unvoidEncounter_shouldFailfIfUserIsNotSupposedToEditEncountersOfTypeOfGivenEncounter" classname="org.openmrs.api.EncounterServiceTest" time="0.196"/>
  <testcase name="purgeEncounterType_shouldPurgeType" classname="org.openmrs.api.EncounterServiceTest" time="0.176"/>
  <testcase name="getEncounters_shouldReturnEmptyListForEmptyQuery" classname="org.openmrs.api.EncounterServiceTest" time="0.182"/>
  <testcase name="canEditAllEncounterTypes_shouldReturnTrueIfUserIsGrantedToEditEncounters" classname="org.openmrs.api.EncounterServiceTest" time="0.181"/>
  <testcase name="transferEncounter_shouldTransferAnEncounterWithObservationsButNotOrdersToGivenPatient" classname="org.openmrs.api.EncounterServiceTest" time="0.271"/>
  <testcase name="getEncounters_shouldIncludeVoidedEncountersIfIncludeVoidedIsSetToTrue" classname="org.openmrs.api.EncounterServiceTest" time="0.187"/>
  <testcase name="canEditEncounter_shouldFailfIfEncounterIsNull" classname="org.openmrs.api.EncounterServiceTest" time="0.175"/>
  <testcase name="saveEncounter_shouldUpdateExistingEncounterWhenAChildObsIsEdited" classname="org.openmrs.api.EncounterServiceTest" time="0.389"/>
  <testcase name="saveEncounter_shouldCascadeChangeOfLocationInEncounterToContainedObs" classname="org.openmrs.api.EncounterServiceTest" time="0.188"/>
  <testcase name="getActiveEncounterVisitHandler_shouldReturnBeanHaveBeenRegisteredWithGivenName" classname="org.openmrs.api.EncounterServiceTest" time="0.181"/>
  <testcase name="voidEncounter_shouldCascadeToOrders" classname="org.openmrs.api.EncounterServiceTest" time="0.193"/>
  <testcase name="canViewAllEncounterTypes_shouldReturnTrueWhenTheEncounterTypesViewPrivilegeColumnIsNull" classname="org.openmrs.api.EncounterServiceTest" time="0.188"/>
  <testcase name="saveEncounter_shouldCascadeSaveToContainedDiagnoses" classname="org.openmrs.api.EncounterServiceTest" time="0.182"/>
  <testcase name="saveEncounterRole_shouldSaveEncounterRoleWithBasicDetails" classname="org.openmrs.api.EncounterServiceTest" time="0.181"/>
  <testcase name="saveEncounter_shouldSaveEncounterWhenTopLevelObsIsUpdatedByRemovingChildObs" classname="org.openmrs.api.EncounterServiceTest" time="0.251"/>
  <testcase name="voidEncounter_shouldFailfIfUserIsNotSupposedToEditEncountersOfTypeOfGivenEncounter" classname="org.openmrs.api.EncounterServiceTest" time="0.197"/>
  <testcase name="saveEncounterType_shouldUpdateAnExistingEncounterTypeName" classname="org.openmrs.api.EncounterServiceTest" time="0.177"/>
  <testcase name="getEncountersByPatientIdentifier_shouldNotGetVoidedEncounters" classname="org.openmrs.api.EncounterServiceTest" time="0.197"/>
  <testcase name="retireEncounterType_shouldRetireTypeAndSetAttributes" classname="org.openmrs.api.EncounterServiceTest" time="0.177"/>
  <testcase name="getEncounterType_shouldReturnNullIfOnlyRetiredTypeFound" classname="org.openmrs.api.EncounterServiceTest" time="0.185"/>
  <testcase name="purgeEncounter_shouldFailfIfUserIsNotSupposedToEditEncountersOfTypeOfGivenEncounter" classname="org.openmrs.api.EncounterServiceTest" time="0.198"/>
  <testcase name="purgeEncounterRole_shouldPurgeEncounterRole" classname="org.openmrs.api.EncounterServiceTest" time="0.178"/>
  <testcase name="unretireEncounterType_shouldUnretireTypeAndUnmarkAttributes" classname="org.openmrs.api.EncounterServiceTest" time="0.184"/>
  <testcase name="getAllEncounterTypes_shouldIncludeRetiredTypesWithTrueIncludeRetiredParameter" classname="org.openmrs.api.EncounterServiceTest" time="0.179"/>
  <testcase name="saveEncounterType_shouldNotOverwriteDateCreated" classname="org.openmrs.api.EncounterServiceTest" time="0.183"/>
  <testcase name="getEncounterType_shouldThrowErrorIfGivenNullParameter" classname="org.openmrs.api.EncounterServiceTest" time="0.184"/>
  <testcase name="voidEncounter_shouldNotVoidProviders" classname="org.openmrs.api.EncounterServiceTest" time="0.182"/>
  <testcase name="retireEncounterRole_shouldThrowErrorIfGivenNullReasonParameter" classname="org.openmrs.api.EncounterServiceTest" time="0.179"/>
  <testcase name="getEncountersByVisit_shouldIncludeVoidedEncountersWhenIncludeVoidedIsTrue" classname="org.openmrs.api.EncounterServiceTest" time="0.18"/>
  <testcase name="voidEncounter_shouldCascadeVoidToDiagnoses" classname="org.openmrs.api.EncounterServiceTest" time="0.192"/>
  <testcase name="canViewAllEncounterTypes_shouldReturnTrueIfUserIsGrantedToViewEncounters" classname="org.openmrs.api.EncounterServiceTest" time="0.186"/>
  <testcase name="getAllEncounterTypes_shouldNotReturnRetiredTypes" classname="org.openmrs.api.EncounterServiceTest" time="0.176"/>
  <testcase name="saveEncounter_shouldCascadeUpdatedEncounterDatetimeToObsDatetimeOfAllObsWithMatchingObsDatetime" classname="org.openmrs.api.EncounterServiceTest" time="0.261"/>
  <testcase name="getEncountersByVisit_shouldGetActiveEncountersByVisit" classname="org.openmrs.api.EncounterServiceTest" time="0.184"/>
</testsuite>